[2022-06-03 00:00:11,098] {processor.py:163} INFO - Started process (PID=2095) to work on /home/airflow/.local/lib/python3.7/site-packages/airflow/example_dags/example_dag_decorator.py
[2022-06-03 00:00:11,100] {processor.py:642} INFO - Processing file /home/airflow/.local/lib/python3.7/site-packages/airflow/example_dags/example_dag_decorator.py for tasks to queue
[2022-06-03 00:00:11,101] {logging_mixin.py:109} INFO - [2022-06-03 00:00:11,101] {dagbag.py:500} INFO - Filling up the DagBag from /home/airflow/.local/lib/python3.7/site-packages/airflow/example_dags/example_dag_decorator.py
[2022-06-03 00:00:11,144] {processor.py:654} INFO - DAG(s) dict_keys(['example_dag_decorator']) retrieved from /home/airflow/.local/lib/python3.7/site-packages/airflow/example_dags/example_dag_decorator.py
[2022-06-03 00:00:11,318] {logging_mixin.py:109} INFO - [2022-06-03 00:00:11,318] {dag.py:2398} INFO - Sync 1 DAGs
[2022-06-03 00:00:11,330] {logging_mixin.py:109} INFO - [2022-06-03 00:00:11,330] {dag.py:2937} INFO - Setting next_dagrun for example_dag_decorator to None
[2022-06-03 00:00:11,343] {processor.py:171} INFO - Processing /home/airflow/.local/lib/python3.7/site-packages/airflow/example_dags/example_dag_decorator.py took 0.248 seconds
[2022-06-03 00:00:41,421] {processor.py:163} INFO - Started process (PID=2148) to work on /home/airflow/.local/lib/python3.7/site-packages/airflow/example_dags/example_dag_decorator.py
[2022-06-03 00:00:41,422] {processor.py:642} INFO - Processing file /home/airflow/.local/lib/python3.7/site-packages/airflow/example_dags/example_dag_decorator.py for tasks to queue
[2022-06-03 00:00:41,424] {logging_mixin.py:109} INFO - [2022-06-03 00:00:41,423] {dagbag.py:500} INFO - Filling up the DagBag from /home/airflow/.local/lib/python3.7/site-packages/airflow/example_dags/example_dag_decorator.py
[2022-06-03 00:00:41,461] {processor.py:654} INFO - DAG(s) dict_keys(['example_dag_decorator']) retrieved from /home/airflow/.local/lib/python3.7/site-packages/airflow/example_dags/example_dag_decorator.py
[2022-06-03 00:00:41,629] {logging_mixin.py:109} INFO - [2022-06-03 00:00:41,629] {dag.py:2398} INFO - Sync 1 DAGs
[2022-06-03 00:00:41,643] {logging_mixin.py:109} INFO - [2022-06-03 00:00:41,643] {dag.py:2937} INFO - Setting next_dagrun for example_dag_decorator to None
[2022-06-03 00:00:41,654] {processor.py:171} INFO - Processing /home/airflow/.local/lib/python3.7/site-packages/airflow/example_dags/example_dag_decorator.py took 0.236 seconds
[2022-06-03 00:01:12,140] {processor.py:163} INFO - Started process (PID=2205) to work on /home/airflow/.local/lib/python3.7/site-packages/airflow/example_dags/example_dag_decorator.py
[2022-06-03 00:01:12,141] {processor.py:642} INFO - Processing file /home/airflow/.local/lib/python3.7/site-packages/airflow/example_dags/example_dag_decorator.py for tasks to queue
[2022-06-03 00:01:12,142] {logging_mixin.py:109} INFO - [2022-06-03 00:01:12,142] {dagbag.py:500} INFO - Filling up the DagBag from /home/airflow/.local/lib/python3.7/site-packages/airflow/example_dags/example_dag_decorator.py
[2022-06-03 00:01:12,183] {processor.py:654} INFO - DAG(s) dict_keys(['example_dag_decorator']) retrieved from /home/airflow/.local/lib/python3.7/site-packages/airflow/example_dags/example_dag_decorator.py
[2022-06-03 00:01:12,346] {logging_mixin.py:109} INFO - [2022-06-03 00:01:12,346] {dag.py:2398} INFO - Sync 1 DAGs
[2022-06-03 00:01:12,363] {logging_mixin.py:109} INFO - [2022-06-03 00:01:12,363] {dag.py:2937} INFO - Setting next_dagrun for example_dag_decorator to None
[2022-06-03 00:01:12,375] {processor.py:171} INFO - Processing /home/airflow/.local/lib/python3.7/site-packages/airflow/example_dags/example_dag_decorator.py took 0.239 seconds
[2022-06-03 00:01:43,233] {processor.py:163} INFO - Started process (PID=2257) to work on /home/airflow/.local/lib/python3.7/site-packages/airflow/example_dags/example_dag_decorator.py
[2022-06-03 00:01:43,234] {processor.py:642} INFO - Processing file /home/airflow/.local/lib/python3.7/site-packages/airflow/example_dags/example_dag_decorator.py for tasks to queue
[2022-06-03 00:01:43,236] {logging_mixin.py:109} INFO - [2022-06-03 00:01:43,236] {dagbag.py:500} INFO - Filling up the DagBag from /home/airflow/.local/lib/python3.7/site-packages/airflow/example_dags/example_dag_decorator.py
[2022-06-03 00:01:43,274] {processor.py:654} INFO - DAG(s) dict_keys(['example_dag_decorator']) retrieved from /home/airflow/.local/lib/python3.7/site-packages/airflow/example_dags/example_dag_decorator.py
[2022-06-03 00:01:43,430] {logging_mixin.py:109} INFO - [2022-06-03 00:01:43,429] {dag.py:2398} INFO - Sync 1 DAGs
[2022-06-03 00:01:43,444] {logging_mixin.py:109} INFO - [2022-06-03 00:01:43,444] {dag.py:2937} INFO - Setting next_dagrun for example_dag_decorator to None
[2022-06-03 00:01:43,455] {processor.py:171} INFO - Processing /home/airflow/.local/lib/python3.7/site-packages/airflow/example_dags/example_dag_decorator.py took 0.226 seconds
