[2022-06-03 00:00:30,867] {processor.py:163} INFO - Started process (PID=2117) to work on /home/airflow/.local/lib/python3.7/site-packages/airflow/example_dags/example_python_operator.py
[2022-06-03 00:00:30,868] {processor.py:642} INFO - Processing file /home/airflow/.local/lib/python3.7/site-packages/airflow/example_dags/example_python_operator.py for tasks to queue
[2022-06-03 00:00:30,869] {logging_mixin.py:109} INFO - [2022-06-03 00:00:30,869] {dagbag.py:500} INFO - Filling up the DagBag from /home/airflow/.local/lib/python3.7/site-packages/airflow/example_dags/example_python_operator.py
[2022-06-03 00:00:30,903] {processor.py:654} INFO - DAG(s) dict_keys(['example_python_operator']) retrieved from /home/airflow/.local/lib/python3.7/site-packages/airflow/example_dags/example_python_operator.py
[2022-06-03 00:00:30,913] {logging_mixin.py:109} INFO - [2022-06-03 00:00:30,912] {dag.py:2398} INFO - Sync 1 DAGs
[2022-06-03 00:00:30,924] {logging_mixin.py:109} INFO - [2022-06-03 00:00:30,924] {dag.py:2937} INFO - Setting next_dagrun for example_python_operator to None
[2022-06-03 00:00:30,933] {processor.py:171} INFO - Processing /home/airflow/.local/lib/python3.7/site-packages/airflow/example_dags/example_python_operator.py took 0.070 seconds
[2022-06-03 00:01:01,065] {processor.py:163} INFO - Started process (PID=2176) to work on /home/airflow/.local/lib/python3.7/site-packages/airflow/example_dags/example_python_operator.py
[2022-06-03 00:01:01,066] {processor.py:642} INFO - Processing file /home/airflow/.local/lib/python3.7/site-packages/airflow/example_dags/example_python_operator.py for tasks to queue
[2022-06-03 00:01:01,067] {logging_mixin.py:109} INFO - [2022-06-03 00:01:01,067] {dagbag.py:500} INFO - Filling up the DagBag from /home/airflow/.local/lib/python3.7/site-packages/airflow/example_dags/example_python_operator.py
[2022-06-03 00:01:01,103] {processor.py:654} INFO - DAG(s) dict_keys(['example_python_operator']) retrieved from /home/airflow/.local/lib/python3.7/site-packages/airflow/example_dags/example_python_operator.py
[2022-06-03 00:01:01,113] {logging_mixin.py:109} INFO - [2022-06-03 00:01:01,113] {dag.py:2398} INFO - Sync 1 DAGs
[2022-06-03 00:01:01,127] {logging_mixin.py:109} INFO - [2022-06-03 00:01:01,127] {dag.py:2937} INFO - Setting next_dagrun for example_python_operator to None
[2022-06-03 00:01:01,137] {processor.py:171} INFO - Processing /home/airflow/.local/lib/python3.7/site-packages/airflow/example_dags/example_python_operator.py took 0.076 seconds
[2022-06-03 00:01:32,116] {processor.py:163} INFO - Started process (PID=2237) to work on /home/airflow/.local/lib/python3.7/site-packages/airflow/example_dags/example_python_operator.py
[2022-06-03 00:01:32,117] {processor.py:642} INFO - Processing file /home/airflow/.local/lib/python3.7/site-packages/airflow/example_dags/example_python_operator.py for tasks to queue
[2022-06-03 00:01:32,118] {logging_mixin.py:109} INFO - [2022-06-03 00:01:32,118] {dagbag.py:500} INFO - Filling up the DagBag from /home/airflow/.local/lib/python3.7/site-packages/airflow/example_dags/example_python_operator.py
[2022-06-03 00:01:32,153] {processor.py:654} INFO - DAG(s) dict_keys(['example_python_operator']) retrieved from /home/airflow/.local/lib/python3.7/site-packages/airflow/example_dags/example_python_operator.py
[2022-06-03 00:01:32,162] {logging_mixin.py:109} INFO - [2022-06-03 00:01:32,162] {dag.py:2398} INFO - Sync 1 DAGs
[2022-06-03 00:01:32,180] {logging_mixin.py:109} INFO - [2022-06-03 00:01:32,179] {dag.py:2937} INFO - Setting next_dagrun for example_python_operator to None
[2022-06-03 00:01:32,189] {processor.py:171} INFO - Processing /home/airflow/.local/lib/python3.7/site-packages/airflow/example_dags/example_python_operator.py took 0.076 seconds
