[2022-06-03 00:00:30,773] {processor.py:163} INFO - Started process (PID=2116) to work on /home/airflow/.local/lib/python3.7/site-packages/airflow/example_dags/example_kubernetes_executor.py
[2022-06-03 00:00:30,774] {processor.py:642} INFO - Processing file /home/airflow/.local/lib/python3.7/site-packages/airflow/example_dags/example_kubernetes_executor.py for tasks to queue
[2022-06-03 00:00:30,775] {logging_mixin.py:109} INFO - [2022-06-03 00:00:30,775] {dagbag.py:500} INFO - Filling up the DagBag from /home/airflow/.local/lib/python3.7/site-packages/airflow/example_dags/example_kubernetes_executor.py
[2022-06-03 00:00:30,810] {processor.py:654} INFO - DAG(s) dict_keys(['example_kubernetes_executor']) retrieved from /home/airflow/.local/lib/python3.7/site-packages/airflow/example_dags/example_kubernetes_executor.py
[2022-06-03 00:00:30,822] {logging_mixin.py:109} INFO - [2022-06-03 00:00:30,822] {dag.py:2398} INFO - Sync 1 DAGs
[2022-06-03 00:00:30,836] {logging_mixin.py:109} INFO - [2022-06-03 00:00:30,835] {dag.py:2937} INFO - Setting next_dagrun for example_kubernetes_executor to None
[2022-06-03 00:00:30,844] {processor.py:171} INFO - Processing /home/airflow/.local/lib/python3.7/site-packages/airflow/example_dags/example_kubernetes_executor.py took 0.075 seconds
[2022-06-03 00:01:00,998] {processor.py:163} INFO - Started process (PID=2175) to work on /home/airflow/.local/lib/python3.7/site-packages/airflow/example_dags/example_kubernetes_executor.py
[2022-06-03 00:01:00,999] {processor.py:642} INFO - Processing file /home/airflow/.local/lib/python3.7/site-packages/airflow/example_dags/example_kubernetes_executor.py for tasks to queue
[2022-06-03 00:01:01,001] {logging_mixin.py:109} INFO - [2022-06-03 00:01:01,001] {dagbag.py:500} INFO - Filling up the DagBag from /home/airflow/.local/lib/python3.7/site-packages/airflow/example_dags/example_kubernetes_executor.py
[2022-06-03 00:01:01,036] {processor.py:654} INFO - DAG(s) dict_keys(['example_kubernetes_executor']) retrieved from /home/airflow/.local/lib/python3.7/site-packages/airflow/example_dags/example_kubernetes_executor.py
[2022-06-03 00:01:01,048] {logging_mixin.py:109} INFO - [2022-06-03 00:01:01,048] {dag.py:2398} INFO - Sync 1 DAGs
[2022-06-03 00:01:01,064] {logging_mixin.py:109} INFO - [2022-06-03 00:01:01,064] {dag.py:2937} INFO - Setting next_dagrun for example_kubernetes_executor to None
[2022-06-03 00:01:01,073] {processor.py:171} INFO - Processing /home/airflow/.local/lib/python3.7/site-packages/airflow/example_dags/example_kubernetes_executor.py took 0.079 seconds
[2022-06-03 00:01:32,050] {processor.py:163} INFO - Started process (PID=2236) to work on /home/airflow/.local/lib/python3.7/site-packages/airflow/example_dags/example_kubernetes_executor.py
[2022-06-03 00:01:32,051] {processor.py:642} INFO - Processing file /home/airflow/.local/lib/python3.7/site-packages/airflow/example_dags/example_kubernetes_executor.py for tasks to queue
[2022-06-03 00:01:32,053] {logging_mixin.py:109} INFO - [2022-06-03 00:01:32,052] {dagbag.py:500} INFO - Filling up the DagBag from /home/airflow/.local/lib/python3.7/site-packages/airflow/example_dags/example_kubernetes_executor.py
[2022-06-03 00:01:32,087] {processor.py:654} INFO - DAG(s) dict_keys(['example_kubernetes_executor']) retrieved from /home/airflow/.local/lib/python3.7/site-packages/airflow/example_dags/example_kubernetes_executor.py
[2022-06-03 00:01:32,099] {logging_mixin.py:109} INFO - [2022-06-03 00:01:32,099] {dag.py:2398} INFO - Sync 1 DAGs
[2022-06-03 00:01:32,114] {logging_mixin.py:109} INFO - [2022-06-03 00:01:32,114] {dag.py:2937} INFO - Setting next_dagrun for example_kubernetes_executor to None
[2022-06-03 00:01:32,123] {processor.py:171} INFO - Processing /home/airflow/.local/lib/python3.7/site-packages/airflow/example_dags/example_kubernetes_executor.py took 0.076 seconds
