[2022-06-03 00:00:08,374] {processor.py:163} INFO - Started process (PID=2085) to work on /home/airflow/.local/lib/python3.7/site-packages/airflow/example_dags/example_xcomargs.py
[2022-06-03 00:00:08,376] {processor.py:642} INFO - Processing file /home/airflow/.local/lib/python3.7/site-packages/airflow/example_dags/example_xcomargs.py for tasks to queue
[2022-06-03 00:00:08,377] {logging_mixin.py:109} INFO - [2022-06-03 00:00:08,377] {dagbag.py:500} INFO - Filling up the DagBag from /home/airflow/.local/lib/python3.7/site-packages/airflow/example_dags/example_xcomargs.py
[2022-06-03 00:00:08,411] {processor.py:654} INFO - DAG(s) dict_keys(['example_xcom_args', 'example_xcom_args_with_operators']) retrieved from /home/airflow/.local/lib/python3.7/site-packages/airflow/example_dags/example_xcomargs.py
[2022-06-03 00:00:08,575] {logging_mixin.py:109} INFO - [2022-06-03 00:00:08,575] {dag.py:2398} INFO - Sync 2 DAGs
[2022-06-03 00:00:08,588] {logging_mixin.py:109} INFO - [2022-06-03 00:00:08,588] {dag.py:2937} INFO - Setting next_dagrun for example_xcom_args to None
[2022-06-03 00:00:08,589] {logging_mixin.py:109} INFO - [2022-06-03 00:00:08,589] {dag.py:2937} INFO - Setting next_dagrun for example_xcom_args_with_operators to None
[2022-06-03 00:00:08,600] {processor.py:171} INFO - Processing /home/airflow/.local/lib/python3.7/site-packages/airflow/example_dags/example_xcomargs.py took 0.229 seconds
[2022-06-03 00:00:39,518] {processor.py:163} INFO - Started process (PID=2136) to work on /home/airflow/.local/lib/python3.7/site-packages/airflow/example_dags/example_xcomargs.py
[2022-06-03 00:00:39,520] {processor.py:642} INFO - Processing file /home/airflow/.local/lib/python3.7/site-packages/airflow/example_dags/example_xcomargs.py for tasks to queue
[2022-06-03 00:00:39,521] {logging_mixin.py:109} INFO - [2022-06-03 00:00:39,521] {dagbag.py:500} INFO - Filling up the DagBag from /home/airflow/.local/lib/python3.7/site-packages/airflow/example_dags/example_xcomargs.py
[2022-06-03 00:00:39,558] {processor.py:654} INFO - DAG(s) dict_keys(['example_xcom_args', 'example_xcom_args_with_operators']) retrieved from /home/airflow/.local/lib/python3.7/site-packages/airflow/example_dags/example_xcomargs.py
[2022-06-03 00:00:39,754] {logging_mixin.py:109} INFO - [2022-06-03 00:00:39,754] {dag.py:2398} INFO - Sync 2 DAGs
[2022-06-03 00:00:39,773] {logging_mixin.py:109} INFO - [2022-06-03 00:00:39,773] {dag.py:2937} INFO - Setting next_dagrun for example_xcom_args to None
[2022-06-03 00:00:39,774] {logging_mixin.py:109} INFO - [2022-06-03 00:00:39,774] {dag.py:2937} INFO - Setting next_dagrun for example_xcom_args_with_operators to None
[2022-06-03 00:00:39,788] {processor.py:171} INFO - Processing /home/airflow/.local/lib/python3.7/site-packages/airflow/example_dags/example_xcomargs.py took 0.273 seconds
[2022-06-03 00:01:10,569] {processor.py:163} INFO - Started process (PID=2195) to work on /home/airflow/.local/lib/python3.7/site-packages/airflow/example_dags/example_xcomargs.py
[2022-06-03 00:01:10,571] {processor.py:642} INFO - Processing file /home/airflow/.local/lib/python3.7/site-packages/airflow/example_dags/example_xcomargs.py for tasks to queue
[2022-06-03 00:01:10,572] {logging_mixin.py:109} INFO - [2022-06-03 00:01:10,572] {dagbag.py:500} INFO - Filling up the DagBag from /home/airflow/.local/lib/python3.7/site-packages/airflow/example_dags/example_xcomargs.py
[2022-06-03 00:01:10,606] {processor.py:654} INFO - DAG(s) dict_keys(['example_xcom_args', 'example_xcom_args_with_operators']) retrieved from /home/airflow/.local/lib/python3.7/site-packages/airflow/example_dags/example_xcomargs.py
[2022-06-03 00:01:10,773] {logging_mixin.py:109} INFO - [2022-06-03 00:01:10,773] {dag.py:2398} INFO - Sync 2 DAGs
[2022-06-03 00:01:10,790] {logging_mixin.py:109} INFO - [2022-06-03 00:01:10,790] {dag.py:2937} INFO - Setting next_dagrun for example_xcom_args to None
[2022-06-03 00:01:10,791] {logging_mixin.py:109} INFO - [2022-06-03 00:01:10,791] {dag.py:2937} INFO - Setting next_dagrun for example_xcom_args_with_operators to None
[2022-06-03 00:01:10,804] {processor.py:171} INFO - Processing /home/airflow/.local/lib/python3.7/site-packages/airflow/example_dags/example_xcomargs.py took 0.238 seconds
[2022-06-03 00:01:41,763] {processor.py:163} INFO - Started process (PID=2247) to work on /home/airflow/.local/lib/python3.7/site-packages/airflow/example_dags/example_xcomargs.py
[2022-06-03 00:01:41,765] {processor.py:642} INFO - Processing file /home/airflow/.local/lib/python3.7/site-packages/airflow/example_dags/example_xcomargs.py for tasks to queue
[2022-06-03 00:01:41,766] {logging_mixin.py:109} INFO - [2022-06-03 00:01:41,766] {dagbag.py:500} INFO - Filling up the DagBag from /home/airflow/.local/lib/python3.7/site-packages/airflow/example_dags/example_xcomargs.py
[2022-06-03 00:01:41,800] {processor.py:654} INFO - DAG(s) dict_keys(['example_xcom_args', 'example_xcom_args_with_operators']) retrieved from /home/airflow/.local/lib/python3.7/site-packages/airflow/example_dags/example_xcomargs.py
[2022-06-03 00:01:41,970] {logging_mixin.py:109} INFO - [2022-06-03 00:01:41,970] {dag.py:2398} INFO - Sync 2 DAGs
[2022-06-03 00:01:41,984] {logging_mixin.py:109} INFO - [2022-06-03 00:01:41,984] {dag.py:2937} INFO - Setting next_dagrun for example_xcom_args to None
[2022-06-03 00:01:41,985] {logging_mixin.py:109} INFO - [2022-06-03 00:01:41,985] {dag.py:2937} INFO - Setting next_dagrun for example_xcom_args_with_operators to None
[2022-06-03 00:01:41,995] {processor.py:171} INFO - Processing /home/airflow/.local/lib/python3.7/site-packages/airflow/example_dags/example_xcomargs.py took 0.235 seconds
