[2022-06-03 00:00:08,710] {processor.py:163} INFO - Started process (PID=2088) to work on /home/airflow/.local/lib/python3.7/site-packages/airflow/example_dags/example_task_group.py
[2022-06-03 00:00:08,711] {processor.py:642} INFO - Processing file /home/airflow/.local/lib/python3.7/site-packages/airflow/example_dags/example_task_group.py for tasks to queue
[2022-06-03 00:00:08,712] {logging_mixin.py:109} INFO - [2022-06-03 00:00:08,712] {dagbag.py:500} INFO - Filling up the DagBag from /home/airflow/.local/lib/python3.7/site-packages/airflow/example_dags/example_task_group.py
[2022-06-03 00:00:08,743] {processor.py:654} INFO - DAG(s) dict_keys(['example_task_group']) retrieved from /home/airflow/.local/lib/python3.7/site-packages/airflow/example_dags/example_task_group.py
[2022-06-03 00:00:08,753] {logging_mixin.py:109} INFO - [2022-06-03 00:00:08,753] {dag.py:2398} INFO - Sync 1 DAGs
[2022-06-03 00:00:08,767] {logging_mixin.py:109} INFO - [2022-06-03 00:00:08,767] {dag.py:2937} INFO - Setting next_dagrun for example_task_group to 2022-06-02T00:00:08.767498+00:00
[2022-06-03 00:00:08,776] {processor.py:171} INFO - Processing /home/airflow/.local/lib/python3.7/site-packages/airflow/example_dags/example_task_group.py took 0.070 seconds
[2022-06-03 00:00:39,721] {processor.py:163} INFO - Started process (PID=2139) to work on /home/airflow/.local/lib/python3.7/site-packages/airflow/example_dags/example_task_group.py
[2022-06-03 00:00:39,724] {processor.py:642} INFO - Processing file /home/airflow/.local/lib/python3.7/site-packages/airflow/example_dags/example_task_group.py for tasks to queue
[2022-06-03 00:00:39,725] {logging_mixin.py:109} INFO - [2022-06-03 00:00:39,725] {dagbag.py:500} INFO - Filling up the DagBag from /home/airflow/.local/lib/python3.7/site-packages/airflow/example_dags/example_task_group.py
[2022-06-03 00:00:39,766] {processor.py:654} INFO - DAG(s) dict_keys(['example_task_group']) retrieved from /home/airflow/.local/lib/python3.7/site-packages/airflow/example_dags/example_task_group.py
[2022-06-03 00:00:39,788] {logging_mixin.py:109} INFO - [2022-06-03 00:00:39,788] {dag.py:2398} INFO - Sync 1 DAGs
[2022-06-03 00:00:39,807] {logging_mixin.py:109} INFO - [2022-06-03 00:00:39,807] {dag.py:2937} INFO - Setting next_dagrun for example_task_group to 2022-06-02T00:00:39.807049+00:00
[2022-06-03 00:00:39,818] {processor.py:171} INFO - Processing /home/airflow/.local/lib/python3.7/site-packages/airflow/example_dags/example_task_group.py took 0.102 seconds
[2022-06-03 00:01:10,841] {processor.py:163} INFO - Started process (PID=2198) to work on /home/airflow/.local/lib/python3.7/site-packages/airflow/example_dags/example_task_group.py
[2022-06-03 00:01:10,842] {processor.py:642} INFO - Processing file /home/airflow/.local/lib/python3.7/site-packages/airflow/example_dags/example_task_group.py for tasks to queue
[2022-06-03 00:01:10,843] {logging_mixin.py:109} INFO - [2022-06-03 00:01:10,843] {dagbag.py:500} INFO - Filling up the DagBag from /home/airflow/.local/lib/python3.7/site-packages/airflow/example_dags/example_task_group.py
[2022-06-03 00:01:10,877] {processor.py:654} INFO - DAG(s) dict_keys(['example_task_group']) retrieved from /home/airflow/.local/lib/python3.7/site-packages/airflow/example_dags/example_task_group.py
[2022-06-03 00:01:10,887] {logging_mixin.py:109} INFO - [2022-06-03 00:01:10,887] {dag.py:2398} INFO - Sync 1 DAGs
[2022-06-03 00:01:10,901] {logging_mixin.py:109} INFO - [2022-06-03 00:01:10,901] {dag.py:2937} INFO - Setting next_dagrun for example_task_group to 2022-06-02T00:01:10.901267+00:00
[2022-06-03 00:01:10,913] {processor.py:171} INFO - Processing /home/airflow/.local/lib/python3.7/site-packages/airflow/example_dags/example_task_group.py took 0.075 seconds
[2022-06-03 00:01:41,947] {processor.py:163} INFO - Started process (PID=2250) to work on /home/airflow/.local/lib/python3.7/site-packages/airflow/example_dags/example_task_group.py
[2022-06-03 00:01:41,948] {processor.py:642} INFO - Processing file /home/airflow/.local/lib/python3.7/site-packages/airflow/example_dags/example_task_group.py for tasks to queue
[2022-06-03 00:01:41,950] {logging_mixin.py:109} INFO - [2022-06-03 00:01:41,950] {dagbag.py:500} INFO - Filling up the DagBag from /home/airflow/.local/lib/python3.7/site-packages/airflow/example_dags/example_task_group.py
[2022-06-03 00:01:41,981] {processor.py:654} INFO - DAG(s) dict_keys(['example_task_group']) retrieved from /home/airflow/.local/lib/python3.7/site-packages/airflow/example_dags/example_task_group.py
[2022-06-03 00:01:41,992] {logging_mixin.py:109} INFO - [2022-06-03 00:01:41,992] {dag.py:2398} INFO - Sync 1 DAGs
[2022-06-03 00:01:42,006] {logging_mixin.py:109} INFO - [2022-06-03 00:01:42,006] {dag.py:2937} INFO - Setting next_dagrun for example_task_group to 2022-06-02T00:01:42.006299+00:00
[2022-06-03 00:01:42,015] {processor.py:171} INFO - Processing /home/airflow/.local/lib/python3.7/site-packages/airflow/example_dags/example_task_group.py took 0.072 seconds
