[2022-06-03 00:00:00,086] {processor.py:163} INFO - Started process (PID=2071) to work on /home/airflow/.local/lib/python3.7/site-packages/airflow/example_dags/example_sla_dag.py
[2022-06-03 00:00:00,088] {processor.py:642} INFO - Processing file /home/airflow/.local/lib/python3.7/site-packages/airflow/example_dags/example_sla_dag.py for tasks to queue
[2022-06-03 00:00:00,089] {logging_mixin.py:109} INFO - [2022-06-03 00:00:00,089] {dagbag.py:500} INFO - Filling up the DagBag from /home/airflow/.local/lib/python3.7/site-packages/airflow/example_dags/example_sla_dag.py
[2022-06-03 00:00:00,124] {processor.py:654} INFO - DAG(s) dict_keys(['example_sla_dag']) retrieved from /home/airflow/.local/lib/python3.7/site-packages/airflow/example_dags/example_sla_dag.py
[2022-06-03 00:00:00,135] {logging_mixin.py:109} INFO - [2022-06-03 00:00:00,135] {dag.py:2398} INFO - Sync 1 DAGs
[2022-06-03 00:00:00,154] {logging_mixin.py:109} INFO - [2022-06-03 00:00:00,154] {dag.py:2937} INFO - Setting next_dagrun for example_sla_dag to 2022-06-02T23:58:00+00:00
[2022-06-03 00:00:00,163] {processor.py:171} INFO - Processing /home/airflow/.local/lib/python3.7/site-packages/airflow/example_dags/example_sla_dag.py took 0.080 seconds
[2022-06-03 00:00:31,132] {processor.py:163} INFO - Started process (PID=2122) to work on /home/airflow/.local/lib/python3.7/site-packages/airflow/example_dags/example_sla_dag.py
[2022-06-03 00:00:31,134] {processor.py:642} INFO - Processing file /home/airflow/.local/lib/python3.7/site-packages/airflow/example_dags/example_sla_dag.py for tasks to queue
[2022-06-03 00:00:31,135] {logging_mixin.py:109} INFO - [2022-06-03 00:00:31,135] {dagbag.py:500} INFO - Filling up the DagBag from /home/airflow/.local/lib/python3.7/site-packages/airflow/example_dags/example_sla_dag.py
[2022-06-03 00:00:31,167] {processor.py:654} INFO - DAG(s) dict_keys(['example_sla_dag']) retrieved from /home/airflow/.local/lib/python3.7/site-packages/airflow/example_dags/example_sla_dag.py
[2022-06-03 00:00:31,178] {logging_mixin.py:109} INFO - [2022-06-03 00:00:31,178] {dag.py:2398} INFO - Sync 1 DAGs
[2022-06-03 00:00:31,196] {logging_mixin.py:109} INFO - [2022-06-03 00:00:31,196] {dag.py:2937} INFO - Setting next_dagrun for example_sla_dag to 2022-06-02T23:58:00+00:00
[2022-06-03 00:00:31,205] {processor.py:171} INFO - Processing /home/airflow/.local/lib/python3.7/site-packages/airflow/example_dags/example_sla_dag.py took 0.076 seconds
[2022-06-03 00:01:01,282] {processor.py:163} INFO - Started process (PID=2181) to work on /home/airflow/.local/lib/python3.7/site-packages/airflow/example_dags/example_sla_dag.py
[2022-06-03 00:01:01,284] {processor.py:642} INFO - Processing file /home/airflow/.local/lib/python3.7/site-packages/airflow/example_dags/example_sla_dag.py for tasks to queue
[2022-06-03 00:01:01,286] {logging_mixin.py:109} INFO - [2022-06-03 00:01:01,285] {dagbag.py:500} INFO - Filling up the DagBag from /home/airflow/.local/lib/python3.7/site-packages/airflow/example_dags/example_sla_dag.py
[2022-06-03 00:01:01,319] {processor.py:654} INFO - DAG(s) dict_keys(['example_sla_dag']) retrieved from /home/airflow/.local/lib/python3.7/site-packages/airflow/example_dags/example_sla_dag.py
[2022-06-03 00:01:01,329] {logging_mixin.py:109} INFO - [2022-06-03 00:01:01,329] {dag.py:2398} INFO - Sync 1 DAGs
[2022-06-03 00:01:01,347] {logging_mixin.py:109} INFO - [2022-06-03 00:01:01,347] {dag.py:2937} INFO - Setting next_dagrun for example_sla_dag to 2022-06-02T23:58:00+00:00
[2022-06-03 00:01:01,356] {processor.py:171} INFO - Processing /home/airflow/.local/lib/python3.7/site-packages/airflow/example_dags/example_sla_dag.py took 0.077 seconds
[2022-06-03 00:01:32,329] {processor.py:163} INFO - Started process (PID=2242) to work on /home/airflow/.local/lib/python3.7/site-packages/airflow/example_dags/example_sla_dag.py
[2022-06-03 00:01:32,331] {processor.py:642} INFO - Processing file /home/airflow/.local/lib/python3.7/site-packages/airflow/example_dags/example_sla_dag.py for tasks to queue
[2022-06-03 00:01:32,332] {logging_mixin.py:109} INFO - [2022-06-03 00:01:32,332] {dagbag.py:500} INFO - Filling up the DagBag from /home/airflow/.local/lib/python3.7/site-packages/airflow/example_dags/example_sla_dag.py
[2022-06-03 00:01:32,366] {processor.py:654} INFO - DAG(s) dict_keys(['example_sla_dag']) retrieved from /home/airflow/.local/lib/python3.7/site-packages/airflow/example_dags/example_sla_dag.py
[2022-06-03 00:01:32,376] {logging_mixin.py:109} INFO - [2022-06-03 00:01:32,376] {dag.py:2398} INFO - Sync 1 DAGs
[2022-06-03 00:01:32,395] {logging_mixin.py:109} INFO - [2022-06-03 00:01:32,395] {dag.py:2937} INFO - Setting next_dagrun for example_sla_dag to 2022-06-02T23:58:00+00:00
[2022-06-03 00:01:32,403] {processor.py:171} INFO - Processing /home/airflow/.local/lib/python3.7/site-packages/airflow/example_dags/example_sla_dag.py took 0.077 seconds
