[2022-06-03 00:00:08,534] {processor.py:163} INFO - Started process (PID=2086) to work on /home/airflow/.local/lib/python3.7/site-packages/airflow/example_dags/example_branch_day_of_week_operator.py
[2022-06-03 00:00:08,536] {processor.py:642} INFO - Processing file /home/airflow/.local/lib/python3.7/site-packages/airflow/example_dags/example_branch_day_of_week_operator.py for tasks to queue
[2022-06-03 00:00:08,537] {logging_mixin.py:109} INFO - [2022-06-03 00:00:08,537] {dagbag.py:500} INFO - Filling up the DagBag from /home/airflow/.local/lib/python3.7/site-packages/airflow/example_dags/example_branch_day_of_week_operator.py
[2022-06-03 00:00:08,568] {processor.py:654} INFO - DAG(s) dict_keys(['example_weekday_branch_operator']) retrieved from /home/airflow/.local/lib/python3.7/site-packages/airflow/example_dags/example_branch_day_of_week_operator.py
[2022-06-03 00:00:08,580] {logging_mixin.py:109} INFO - [2022-06-03 00:00:08,579] {dag.py:2398} INFO - Sync 1 DAGs
[2022-06-03 00:00:08,595] {logging_mixin.py:109} INFO - [2022-06-03 00:00:08,595] {dag.py:2937} INFO - Setting next_dagrun for example_weekday_branch_operator to 2022-06-02 00:00:00+00:00
[2022-06-03 00:00:08,604] {processor.py:171} INFO - Processing /home/airflow/.local/lib/python3.7/site-packages/airflow/example_dags/example_branch_day_of_week_operator.py took 0.073 seconds
[2022-06-03 00:00:39,531] {processor.py:163} INFO - Started process (PID=2137) to work on /home/airflow/.local/lib/python3.7/site-packages/airflow/example_dags/example_branch_day_of_week_operator.py
[2022-06-03 00:00:39,533] {processor.py:642} INFO - Processing file /home/airflow/.local/lib/python3.7/site-packages/airflow/example_dags/example_branch_day_of_week_operator.py for tasks to queue
[2022-06-03 00:00:39,534] {logging_mixin.py:109} INFO - [2022-06-03 00:00:39,534] {dagbag.py:500} INFO - Filling up the DagBag from /home/airflow/.local/lib/python3.7/site-packages/airflow/example_dags/example_branch_day_of_week_operator.py
[2022-06-03 00:00:39,565] {processor.py:654} INFO - DAG(s) dict_keys(['example_weekday_branch_operator']) retrieved from /home/airflow/.local/lib/python3.7/site-packages/airflow/example_dags/example_branch_day_of_week_operator.py
[2022-06-03 00:00:39,575] {logging_mixin.py:109} INFO - [2022-06-03 00:00:39,574] {dag.py:2398} INFO - Sync 1 DAGs
[2022-06-03 00:00:39,591] {logging_mixin.py:109} INFO - [2022-06-03 00:00:39,591] {dag.py:2937} INFO - Setting next_dagrun for example_weekday_branch_operator to 2022-06-02 00:00:00+00:00
[2022-06-03 00:00:39,602] {processor.py:171} INFO - Processing /home/airflow/.local/lib/python3.7/site-packages/airflow/example_dags/example_branch_day_of_week_operator.py took 0.074 seconds
[2022-06-03 00:01:10,744] {processor.py:163} INFO - Started process (PID=2196) to work on /home/airflow/.local/lib/python3.7/site-packages/airflow/example_dags/example_branch_day_of_week_operator.py
[2022-06-03 00:01:10,745] {processor.py:642} INFO - Processing file /home/airflow/.local/lib/python3.7/site-packages/airflow/example_dags/example_branch_day_of_week_operator.py for tasks to queue
[2022-06-03 00:01:10,747] {logging_mixin.py:109} INFO - [2022-06-03 00:01:10,746] {dagbag.py:500} INFO - Filling up the DagBag from /home/airflow/.local/lib/python3.7/site-packages/airflow/example_dags/example_branch_day_of_week_operator.py
[2022-06-03 00:01:10,778] {processor.py:654} INFO - DAG(s) dict_keys(['example_weekday_branch_operator']) retrieved from /home/airflow/.local/lib/python3.7/site-packages/airflow/example_dags/example_branch_day_of_week_operator.py
[2022-06-03 00:01:10,789] {logging_mixin.py:109} INFO - [2022-06-03 00:01:10,789] {dag.py:2398} INFO - Sync 1 DAGs
[2022-06-03 00:01:10,808] {logging_mixin.py:109} INFO - [2022-06-03 00:01:10,808] {dag.py:2937} INFO - Setting next_dagrun for example_weekday_branch_operator to 2022-06-02 00:00:00+00:00
[2022-06-03 00:01:10,818] {processor.py:171} INFO - Processing /home/airflow/.local/lib/python3.7/site-packages/airflow/example_dags/example_branch_day_of_week_operator.py took 0.077 seconds
[2022-06-03 00:01:41,766] {processor.py:163} INFO - Started process (PID=2248) to work on /home/airflow/.local/lib/python3.7/site-packages/airflow/example_dags/example_branch_day_of_week_operator.py
[2022-06-03 00:01:41,768] {processor.py:642} INFO - Processing file /home/airflow/.local/lib/python3.7/site-packages/airflow/example_dags/example_branch_day_of_week_operator.py for tasks to queue
[2022-06-03 00:01:41,769] {logging_mixin.py:109} INFO - [2022-06-03 00:01:41,769] {dagbag.py:500} INFO - Filling up the DagBag from /home/airflow/.local/lib/python3.7/site-packages/airflow/example_dags/example_branch_day_of_week_operator.py
[2022-06-03 00:01:41,800] {processor.py:654} INFO - DAG(s) dict_keys(['example_weekday_branch_operator']) retrieved from /home/airflow/.local/lib/python3.7/site-packages/airflow/example_dags/example_branch_day_of_week_operator.py
[2022-06-03 00:01:41,809] {logging_mixin.py:109} INFO - [2022-06-03 00:01:41,809] {dag.py:2398} INFO - Sync 1 DAGs
[2022-06-03 00:01:41,825] {logging_mixin.py:109} INFO - [2022-06-03 00:01:41,825] {dag.py:2937} INFO - Setting next_dagrun for example_weekday_branch_operator to 2022-06-02 00:00:00+00:00
[2022-06-03 00:01:41,833] {processor.py:171} INFO - Processing /home/airflow/.local/lib/python3.7/site-packages/airflow/example_dags/example_branch_day_of_week_operator.py took 0.070 seconds
