[2022-06-03 00:00:11,196] {processor.py:163} INFO - Started process (PID=2097) to work on /home/airflow/.local/lib/python3.7/site-packages/airflow/example_dags/example_skip_dag.py
[2022-06-03 00:00:11,198] {processor.py:642} INFO - Processing file /home/airflow/.local/lib/python3.7/site-packages/airflow/example_dags/example_skip_dag.py for tasks to queue
[2022-06-03 00:00:11,199] {logging_mixin.py:109} INFO - [2022-06-03 00:00:11,199] {dagbag.py:500} INFO - Filling up the DagBag from /home/airflow/.local/lib/python3.7/site-packages/airflow/example_dags/example_skip_dag.py
[2022-06-03 00:00:11,231] {processor.py:654} INFO - DAG(s) dict_keys(['example_skip_dag']) retrieved from /home/airflow/.local/lib/python3.7/site-packages/airflow/example_dags/example_skip_dag.py
[2022-06-03 00:00:11,241] {logging_mixin.py:109} INFO - [2022-06-03 00:00:11,241] {dag.py:2398} INFO - Sync 1 DAGs
[2022-06-03 00:00:11,253] {logging_mixin.py:109} INFO - [2022-06-03 00:00:11,253] {dag.py:2937} INFO - Setting next_dagrun for example_skip_dag to 2022-06-02T00:00:11.253609+00:00
[2022-06-03 00:00:11,262] {processor.py:171} INFO - Processing /home/airflow/.local/lib/python3.7/site-packages/airflow/example_dags/example_skip_dag.py took 0.069 seconds
[2022-06-03 00:00:41,332] {processor.py:163} INFO - Started process (PID=2147) to work on /home/airflow/.local/lib/python3.7/site-packages/airflow/example_dags/example_skip_dag.py
[2022-06-03 00:00:41,333] {processor.py:642} INFO - Processing file /home/airflow/.local/lib/python3.7/site-packages/airflow/example_dags/example_skip_dag.py for tasks to queue
[2022-06-03 00:00:41,334] {logging_mixin.py:109} INFO - [2022-06-03 00:00:41,334] {dagbag.py:500} INFO - Filling up the DagBag from /home/airflow/.local/lib/python3.7/site-packages/airflow/example_dags/example_skip_dag.py
[2022-06-03 00:00:41,364] {processor.py:654} INFO - DAG(s) dict_keys(['example_skip_dag']) retrieved from /home/airflow/.local/lib/python3.7/site-packages/airflow/example_dags/example_skip_dag.py
[2022-06-03 00:00:41,377] {logging_mixin.py:109} INFO - [2022-06-03 00:00:41,377] {dag.py:2398} INFO - Sync 1 DAGs
[2022-06-03 00:00:41,391] {logging_mixin.py:109} INFO - [2022-06-03 00:00:41,391] {dag.py:2937} INFO - Setting next_dagrun for example_skip_dag to 2022-06-02T00:00:41.391579+00:00
[2022-06-03 00:00:41,400] {processor.py:171} INFO - Processing /home/airflow/.local/lib/python3.7/site-packages/airflow/example_dags/example_skip_dag.py took 0.072 seconds
[2022-06-03 00:01:12,654] {processor.py:163} INFO - Started process (PID=2207) to work on /home/airflow/.local/lib/python3.7/site-packages/airflow/example_dags/example_skip_dag.py
[2022-06-03 00:01:12,656] {processor.py:642} INFO - Processing file /home/airflow/.local/lib/python3.7/site-packages/airflow/example_dags/example_skip_dag.py for tasks to queue
[2022-06-03 00:01:12,657] {logging_mixin.py:109} INFO - [2022-06-03 00:01:12,657] {dagbag.py:500} INFO - Filling up the DagBag from /home/airflow/.local/lib/python3.7/site-packages/airflow/example_dags/example_skip_dag.py
[2022-06-03 00:01:12,686] {processor.py:654} INFO - DAG(s) dict_keys(['example_skip_dag']) retrieved from /home/airflow/.local/lib/python3.7/site-packages/airflow/example_dags/example_skip_dag.py
[2022-06-03 00:01:12,696] {logging_mixin.py:109} INFO - [2022-06-03 00:01:12,696] {dag.py:2398} INFO - Sync 1 DAGs
[2022-06-03 00:01:12,710] {logging_mixin.py:109} INFO - [2022-06-03 00:01:12,710] {dag.py:2937} INFO - Setting next_dagrun for example_skip_dag to 2022-06-02T00:01:12.710097+00:00
[2022-06-03 00:01:12,719] {processor.py:171} INFO - Processing /home/airflow/.local/lib/python3.7/site-packages/airflow/example_dags/example_skip_dag.py took 0.068 seconds
[2022-06-03 00:01:43,488] {processor.py:163} INFO - Started process (PID=2267) to work on /home/airflow/.local/lib/python3.7/site-packages/airflow/example_dags/example_skip_dag.py
[2022-06-03 00:01:43,490] {processor.py:642} INFO - Processing file /home/airflow/.local/lib/python3.7/site-packages/airflow/example_dags/example_skip_dag.py for tasks to queue
[2022-06-03 00:01:43,492] {logging_mixin.py:109} INFO - [2022-06-03 00:01:43,491] {dagbag.py:500} INFO - Filling up the DagBag from /home/airflow/.local/lib/python3.7/site-packages/airflow/example_dags/example_skip_dag.py
[2022-06-03 00:01:43,522] {processor.py:654} INFO - DAG(s) dict_keys(['example_skip_dag']) retrieved from /home/airflow/.local/lib/python3.7/site-packages/airflow/example_dags/example_skip_dag.py
[2022-06-03 00:01:43,532] {logging_mixin.py:109} INFO - [2022-06-03 00:01:43,532] {dag.py:2398} INFO - Sync 1 DAGs
[2022-06-03 00:01:43,547] {logging_mixin.py:109} INFO - [2022-06-03 00:01:43,547] {dag.py:2937} INFO - Setting next_dagrun for example_skip_dag to 2022-06-02T00:01:43.547100+00:00
[2022-06-03 00:01:43,556] {processor.py:171} INFO - Processing /home/airflow/.local/lib/python3.7/site-packages/airflow/example_dags/example_skip_dag.py took 0.072 seconds
