[2022-06-03 00:00:00,043] {processor.py:163} INFO - Started process (PID=2070) to work on /home/airflow/.local/lib/python3.7/site-packages/airflow/example_dags/example_bash_operator.py
[2022-06-03 00:00:00,045] {processor.py:642} INFO - Processing file /home/airflow/.local/lib/python3.7/site-packages/airflow/example_dags/example_bash_operator.py for tasks to queue
[2022-06-03 00:00:00,046] {logging_mixin.py:109} INFO - [2022-06-03 00:00:00,046] {dagbag.py:500} INFO - Filling up the DagBag from /home/airflow/.local/lib/python3.7/site-packages/airflow/example_dags/example_bash_operator.py
[2022-06-03 00:00:00,082] {processor.py:654} INFO - DAG(s) dict_keys(['example_bash_operator']) retrieved from /home/airflow/.local/lib/python3.7/site-packages/airflow/example_dags/example_bash_operator.py
[2022-06-03 00:00:00,093] {logging_mixin.py:109} INFO - [2022-06-03 00:00:00,093] {dag.py:2398} INFO - Sync 1 DAGs
[2022-06-03 00:00:00,108] {logging_mixin.py:109} INFO - [2022-06-03 00:00:00,108] {dag.py:2937} INFO - Setting next_dagrun for example_bash_operator to 2022-06-02 00:00:00+00:00
[2022-06-03 00:00:00,118] {processor.py:171} INFO - Processing /home/airflow/.local/lib/python3.7/site-packages/airflow/example_dags/example_bash_operator.py took 0.078 seconds
[2022-06-03 00:00:31,044] {processor.py:163} INFO - Started process (PID=2121) to work on /home/airflow/.local/lib/python3.7/site-packages/airflow/example_dags/example_bash_operator.py
[2022-06-03 00:00:31,046] {processor.py:642} INFO - Processing file /home/airflow/.local/lib/python3.7/site-packages/airflow/example_dags/example_bash_operator.py for tasks to queue
[2022-06-03 00:00:31,047] {logging_mixin.py:109} INFO - [2022-06-03 00:00:31,046] {dagbag.py:500} INFO - Filling up the DagBag from /home/airflow/.local/lib/python3.7/site-packages/airflow/example_dags/example_bash_operator.py
[2022-06-03 00:00:31,079] {processor.py:654} INFO - DAG(s) dict_keys(['example_bash_operator']) retrieved from /home/airflow/.local/lib/python3.7/site-packages/airflow/example_dags/example_bash_operator.py
[2022-06-03 00:00:31,089] {logging_mixin.py:109} INFO - [2022-06-03 00:00:31,089] {dag.py:2398} INFO - Sync 1 DAGs
[2022-06-03 00:00:31,103] {logging_mixin.py:109} INFO - [2022-06-03 00:00:31,103] {dag.py:2937} INFO - Setting next_dagrun for example_bash_operator to 2022-06-02 00:00:00+00:00
[2022-06-03 00:00:31,112] {processor.py:171} INFO - Processing /home/airflow/.local/lib/python3.7/site-packages/airflow/example_dags/example_bash_operator.py took 0.071 seconds
[2022-06-03 00:01:01,247] {processor.py:163} INFO - Started process (PID=2180) to work on /home/airflow/.local/lib/python3.7/site-packages/airflow/example_dags/example_bash_operator.py
[2022-06-03 00:01:01,249] {processor.py:642} INFO - Processing file /home/airflow/.local/lib/python3.7/site-packages/airflow/example_dags/example_bash_operator.py for tasks to queue
[2022-06-03 00:01:01,250] {logging_mixin.py:109} INFO - [2022-06-03 00:01:01,250] {dagbag.py:500} INFO - Filling up the DagBag from /home/airflow/.local/lib/python3.7/site-packages/airflow/example_dags/example_bash_operator.py
[2022-06-03 00:01:01,287] {processor.py:654} INFO - DAG(s) dict_keys(['example_bash_operator']) retrieved from /home/airflow/.local/lib/python3.7/site-packages/airflow/example_dags/example_bash_operator.py
[2022-06-03 00:01:01,297] {logging_mixin.py:109} INFO - [2022-06-03 00:01:01,297] {dag.py:2398} INFO - Sync 1 DAGs
[2022-06-03 00:01:01,312] {logging_mixin.py:109} INFO - [2022-06-03 00:01:01,312] {dag.py:2937} INFO - Setting next_dagrun for example_bash_operator to 2022-06-02 00:00:00+00:00
[2022-06-03 00:01:01,324] {processor.py:171} INFO - Processing /home/airflow/.local/lib/python3.7/site-packages/airflow/example_dags/example_bash_operator.py took 0.079 seconds
[2022-06-03 00:01:32,297] {processor.py:163} INFO - Started process (PID=2241) to work on /home/airflow/.local/lib/python3.7/site-packages/airflow/example_dags/example_bash_operator.py
[2022-06-03 00:01:32,298] {processor.py:642} INFO - Processing file /home/airflow/.local/lib/python3.7/site-packages/airflow/example_dags/example_bash_operator.py for tasks to queue
[2022-06-03 00:01:32,300] {logging_mixin.py:109} INFO - [2022-06-03 00:01:32,300] {dagbag.py:500} INFO - Filling up the DagBag from /home/airflow/.local/lib/python3.7/site-packages/airflow/example_dags/example_bash_operator.py
[2022-06-03 00:01:32,333] {processor.py:654} INFO - DAG(s) dict_keys(['example_bash_operator']) retrieved from /home/airflow/.local/lib/python3.7/site-packages/airflow/example_dags/example_bash_operator.py
[2022-06-03 00:01:32,343] {logging_mixin.py:109} INFO - [2022-06-03 00:01:32,342] {dag.py:2398} INFO - Sync 1 DAGs
[2022-06-03 00:01:32,358] {logging_mixin.py:109} INFO - [2022-06-03 00:01:32,358] {dag.py:2937} INFO - Setting next_dagrun for example_bash_operator to 2022-06-02 00:00:00+00:00
[2022-06-03 00:01:32,367] {processor.py:171} INFO - Processing /home/airflow/.local/lib/python3.7/site-packages/airflow/example_dags/example_bash_operator.py took 0.074 seconds
