[2022-06-03 00:00:29,478] {processor.py:163} INFO - Started process (PID=2112) to work on /home/airflow/.local/lib/python3.7/site-packages/airflow/example_dags/example_external_task_marker_dag.py
[2022-06-03 00:00:29,479] {processor.py:642} INFO - Processing file /home/airflow/.local/lib/python3.7/site-packages/airflow/example_dags/example_external_task_marker_dag.py for tasks to queue
[2022-06-03 00:00:29,481] {logging_mixin.py:109} INFO - [2022-06-03 00:00:29,481] {dagbag.py:500} INFO - Filling up the DagBag from /home/airflow/.local/lib/python3.7/site-packages/airflow/example_dags/example_external_task_marker_dag.py
[2022-06-03 00:00:29,509] {processor.py:654} INFO - DAG(s) dict_keys(['example_external_task_marker_parent', 'example_external_task_marker_child']) retrieved from /home/airflow/.local/lib/python3.7/site-packages/airflow/example_dags/example_external_task_marker_dag.py
[2022-06-03 00:00:29,522] {logging_mixin.py:109} INFO - [2022-06-03 00:00:29,522] {dag.py:2398} INFO - Sync 2 DAGs
[2022-06-03 00:00:29,537] {logging_mixin.py:109} INFO - [2022-06-03 00:00:29,537] {dag.py:2937} INFO - Setting next_dagrun for example_external_task_marker_child to None
[2022-06-03 00:00:29,538] {logging_mixin.py:109} INFO - [2022-06-03 00:00:29,538] {dag.py:2937} INFO - Setting next_dagrun for example_external_task_marker_parent to None
[2022-06-03 00:00:29,548] {processor.py:171} INFO - Processing /home/airflow/.local/lib/python3.7/site-packages/airflow/example_dags/example_external_task_marker_dag.py took 0.074 seconds
[2022-06-03 00:00:59,791] {processor.py:163} INFO - Started process (PID=2171) to work on /home/airflow/.local/lib/python3.7/site-packages/airflow/example_dags/example_external_task_marker_dag.py
[2022-06-03 00:00:59,792] {processor.py:642} INFO - Processing file /home/airflow/.local/lib/python3.7/site-packages/airflow/example_dags/example_external_task_marker_dag.py for tasks to queue
[2022-06-03 00:00:59,793] {logging_mixin.py:109} INFO - [2022-06-03 00:00:59,793] {dagbag.py:500} INFO - Filling up the DagBag from /home/airflow/.local/lib/python3.7/site-packages/airflow/example_dags/example_external_task_marker_dag.py
[2022-06-03 00:00:59,824] {processor.py:654} INFO - DAG(s) dict_keys(['example_external_task_marker_parent', 'example_external_task_marker_child']) retrieved from /home/airflow/.local/lib/python3.7/site-packages/airflow/example_dags/example_external_task_marker_dag.py
[2022-06-03 00:00:59,836] {logging_mixin.py:109} INFO - [2022-06-03 00:00:59,836] {dag.py:2398} INFO - Sync 2 DAGs
[2022-06-03 00:00:59,850] {logging_mixin.py:109} INFO - [2022-06-03 00:00:59,850] {dag.py:2937} INFO - Setting next_dagrun for example_external_task_marker_child to None
[2022-06-03 00:00:59,851] {logging_mixin.py:109} INFO - [2022-06-03 00:00:59,851] {dag.py:2937} INFO - Setting next_dagrun for example_external_task_marker_parent to None
[2022-06-03 00:00:59,861] {processor.py:171} INFO - Processing /home/airflow/.local/lib/python3.7/site-packages/airflow/example_dags/example_external_task_marker_dag.py took 0.074 seconds
[2022-06-03 00:01:30,847] {processor.py:163} INFO - Started process (PID=2222) to work on /home/airflow/.local/lib/python3.7/site-packages/airflow/example_dags/example_external_task_marker_dag.py
[2022-06-03 00:01:30,848] {processor.py:642} INFO - Processing file /home/airflow/.local/lib/python3.7/site-packages/airflow/example_dags/example_external_task_marker_dag.py for tasks to queue
[2022-06-03 00:01:30,849] {logging_mixin.py:109} INFO - [2022-06-03 00:01:30,849] {dagbag.py:500} INFO - Filling up the DagBag from /home/airflow/.local/lib/python3.7/site-packages/airflow/example_dags/example_external_task_marker_dag.py
[2022-06-03 00:01:30,880] {processor.py:654} INFO - DAG(s) dict_keys(['example_external_task_marker_parent', 'example_external_task_marker_child']) retrieved from /home/airflow/.local/lib/python3.7/site-packages/airflow/example_dags/example_external_task_marker_dag.py
[2022-06-03 00:01:30,893] {logging_mixin.py:109} INFO - [2022-06-03 00:01:30,892] {dag.py:2398} INFO - Sync 2 DAGs
[2022-06-03 00:01:30,909] {logging_mixin.py:109} INFO - [2022-06-03 00:01:30,909] {dag.py:2937} INFO - Setting next_dagrun for example_external_task_marker_child to None
[2022-06-03 00:01:30,911] {logging_mixin.py:109} INFO - [2022-06-03 00:01:30,911] {dag.py:2937} INFO - Setting next_dagrun for example_external_task_marker_parent to None
[2022-06-03 00:01:30,925] {processor.py:171} INFO - Processing /home/airflow/.local/lib/python3.7/site-packages/airflow/example_dags/example_external_task_marker_dag.py took 0.083 seconds
