[2022-06-03 00:00:08,288] {processor.py:163} INFO - Started process (PID=2084) to work on /home/airflow/.local/lib/python3.7/site-packages/airflow/example_dags/example_xcom.py
[2022-06-03 00:00:08,289] {processor.py:642} INFO - Processing file /home/airflow/.local/lib/python3.7/site-packages/airflow/example_dags/example_xcom.py for tasks to queue
[2022-06-03 00:00:08,290] {logging_mixin.py:109} INFO - [2022-06-03 00:00:08,290] {dagbag.py:500} INFO - Filling up the DagBag from /home/airflow/.local/lib/python3.7/site-packages/airflow/example_dags/example_xcom.py
[2022-06-03 00:00:08,325] {processor.py:654} INFO - DAG(s) dict_keys(['example_xcom']) retrieved from /home/airflow/.local/lib/python3.7/site-packages/airflow/example_dags/example_xcom.py
[2022-06-03 00:00:08,487] {logging_mixin.py:109} INFO - [2022-06-03 00:00:08,486] {dag.py:2398} INFO - Sync 1 DAGs
[2022-06-03 00:00:08,499] {logging_mixin.py:109} INFO - [2022-06-03 00:00:08,498] {dag.py:2937} INFO - Setting next_dagrun for example_xcom to 2021-01-01T00:00:00+00:00
[2022-06-03 00:00:08,510] {processor.py:171} INFO - Processing /home/airflow/.local/lib/python3.7/site-packages/airflow/example_dags/example_xcom.py took 0.225 seconds
[2022-06-03 00:00:39,270] {processor.py:163} INFO - Started process (PID=2135) to work on /home/airflow/.local/lib/python3.7/site-packages/airflow/example_dags/example_xcom.py
[2022-06-03 00:00:39,271] {processor.py:642} INFO - Processing file /home/airflow/.local/lib/python3.7/site-packages/airflow/example_dags/example_xcom.py for tasks to queue
[2022-06-03 00:00:39,272] {logging_mixin.py:109} INFO - [2022-06-03 00:00:39,272] {dagbag.py:500} INFO - Filling up the DagBag from /home/airflow/.local/lib/python3.7/site-packages/airflow/example_dags/example_xcom.py
[2022-06-03 00:00:39,307] {processor.py:654} INFO - DAG(s) dict_keys(['example_xcom']) retrieved from /home/airflow/.local/lib/python3.7/site-packages/airflow/example_dags/example_xcom.py
[2022-06-03 00:00:39,477] {logging_mixin.py:109} INFO - [2022-06-03 00:00:39,477] {dag.py:2398} INFO - Sync 1 DAGs
[2022-06-03 00:00:39,497] {logging_mixin.py:109} INFO - [2022-06-03 00:00:39,497] {dag.py:2937} INFO - Setting next_dagrun for example_xcom to 2021-01-01T00:00:00+00:00
[2022-06-03 00:00:39,508] {processor.py:171} INFO - Processing /home/airflow/.local/lib/python3.7/site-packages/airflow/example_dags/example_xcom.py took 0.242 seconds
[2022-06-03 00:01:10,481] {processor.py:163} INFO - Started process (PID=2194) to work on /home/airflow/.local/lib/python3.7/site-packages/airflow/example_dags/example_xcom.py
[2022-06-03 00:01:10,483] {processor.py:642} INFO - Processing file /home/airflow/.local/lib/python3.7/site-packages/airflow/example_dags/example_xcom.py for tasks to queue
[2022-06-03 00:01:10,484] {logging_mixin.py:109} INFO - [2022-06-03 00:01:10,484] {dagbag.py:500} INFO - Filling up the DagBag from /home/airflow/.local/lib/python3.7/site-packages/airflow/example_dags/example_xcom.py
[2022-06-03 00:01:10,520] {processor.py:654} INFO - DAG(s) dict_keys(['example_xcom']) retrieved from /home/airflow/.local/lib/python3.7/site-packages/airflow/example_dags/example_xcom.py
[2022-06-03 00:01:10,675] {logging_mixin.py:109} INFO - [2022-06-03 00:01:10,674] {dag.py:2398} INFO - Sync 1 DAGs
[2022-06-03 00:01:10,696] {logging_mixin.py:109} INFO - [2022-06-03 00:01:10,696] {dag.py:2937} INFO - Setting next_dagrun for example_xcom to 2021-01-01T00:00:00+00:00
[2022-06-03 00:01:10,706] {processor.py:171} INFO - Processing /home/airflow/.local/lib/python3.7/site-packages/airflow/example_dags/example_xcom.py took 0.229 seconds
[2022-06-03 00:01:41,529] {processor.py:163} INFO - Started process (PID=2246) to work on /home/airflow/.local/lib/python3.7/site-packages/airflow/example_dags/example_xcom.py
[2022-06-03 00:01:41,530] {processor.py:642} INFO - Processing file /home/airflow/.local/lib/python3.7/site-packages/airflow/example_dags/example_xcom.py for tasks to queue
[2022-06-03 00:01:41,531] {logging_mixin.py:109} INFO - [2022-06-03 00:01:41,531] {dagbag.py:500} INFO - Filling up the DagBag from /home/airflow/.local/lib/python3.7/site-packages/airflow/example_dags/example_xcom.py
[2022-06-03 00:01:41,567] {processor.py:654} INFO - DAG(s) dict_keys(['example_xcom']) retrieved from /home/airflow/.local/lib/python3.7/site-packages/airflow/example_dags/example_xcom.py
[2022-06-03 00:01:41,715] {logging_mixin.py:109} INFO - [2022-06-03 00:01:41,715] {dag.py:2398} INFO - Sync 1 DAGs
[2022-06-03 00:01:41,729] {logging_mixin.py:109} INFO - [2022-06-03 00:01:41,729] {dag.py:2937} INFO - Setting next_dagrun for example_xcom to 2021-01-01T00:00:00+00:00
[2022-06-03 00:01:41,739] {processor.py:171} INFO - Processing /home/airflow/.local/lib/python3.7/site-packages/airflow/example_dags/example_xcom.py took 0.214 seconds
