[2022-06-03 00:00:09,994] {processor.py:163} INFO - Started process (PID=2094) to work on /home/airflow/.local/lib/python3.7/site-packages/airflow/example_dags/example_task_group_decorator.py
[2022-06-03 00:00:09,995] {processor.py:642} INFO - Processing file /home/airflow/.local/lib/python3.7/site-packages/airflow/example_dags/example_task_group_decorator.py for tasks to queue
[2022-06-03 00:00:09,996] {logging_mixin.py:109} INFO - [2022-06-03 00:00:09,996] {dagbag.py:500} INFO - Filling up the DagBag from /home/airflow/.local/lib/python3.7/site-packages/airflow/example_dags/example_task_group_decorator.py
[2022-06-03 00:00:10,046] {processor.py:654} INFO - DAG(s) dict_keys(['example_task_group_decorator']) retrieved from /home/airflow/.local/lib/python3.7/site-packages/airflow/example_dags/example_task_group_decorator.py
[2022-06-03 00:00:10,207] {logging_mixin.py:109} INFO - [2022-06-03 00:00:10,207] {dag.py:2398} INFO - Sync 1 DAGs
[2022-06-03 00:00:10,219] {logging_mixin.py:109} INFO - [2022-06-03 00:00:10,219] {dag.py:2937} INFO - Setting next_dagrun for example_task_group_decorator to 2022-06-02T00:00:10.219196+00:00
[2022-06-03 00:00:10,228] {processor.py:171} INFO - Processing /home/airflow/.local/lib/python3.7/site-packages/airflow/example_dags/example_task_group_decorator.py took 0.238 seconds
[2022-06-03 00:00:41,066] {processor.py:163} INFO - Started process (PID=2145) to work on /home/airflow/.local/lib/python3.7/site-packages/airflow/example_dags/example_task_group_decorator.py
[2022-06-03 00:00:41,068] {processor.py:642} INFO - Processing file /home/airflow/.local/lib/python3.7/site-packages/airflow/example_dags/example_task_group_decorator.py for tasks to queue
[2022-06-03 00:00:41,069] {logging_mixin.py:109} INFO - [2022-06-03 00:00:41,069] {dagbag.py:500} INFO - Filling up the DagBag from /home/airflow/.local/lib/python3.7/site-packages/airflow/example_dags/example_task_group_decorator.py
[2022-06-03 00:00:41,116] {processor.py:654} INFO - DAG(s) dict_keys(['example_task_group_decorator']) retrieved from /home/airflow/.local/lib/python3.7/site-packages/airflow/example_dags/example_task_group_decorator.py
[2022-06-03 00:00:41,281] {logging_mixin.py:109} INFO - [2022-06-03 00:00:41,280] {dag.py:2398} INFO - Sync 1 DAGs
[2022-06-03 00:00:41,294] {logging_mixin.py:109} INFO - [2022-06-03 00:00:41,294] {dag.py:2937} INFO - Setting next_dagrun for example_task_group_decorator to 2022-06-02T00:00:41.294009+00:00
[2022-06-03 00:00:41,305] {processor.py:171} INFO - Processing /home/airflow/.local/lib/python3.7/site-packages/airflow/example_dags/example_task_group_decorator.py took 0.243 seconds
[2022-06-03 00:01:12,137] {processor.py:163} INFO - Started process (PID=2204) to work on /home/airflow/.local/lib/python3.7/site-packages/airflow/example_dags/example_task_group_decorator.py
[2022-06-03 00:01:12,139] {processor.py:642} INFO - Processing file /home/airflow/.local/lib/python3.7/site-packages/airflow/example_dags/example_task_group_decorator.py for tasks to queue
[2022-06-03 00:01:12,141] {logging_mixin.py:109} INFO - [2022-06-03 00:01:12,141] {dagbag.py:500} INFO - Filling up the DagBag from /home/airflow/.local/lib/python3.7/site-packages/airflow/example_dags/example_task_group_decorator.py
[2022-06-03 00:01:12,187] {processor.py:654} INFO - DAG(s) dict_keys(['example_task_group_decorator']) retrieved from /home/airflow/.local/lib/python3.7/site-packages/airflow/example_dags/example_task_group_decorator.py
[2022-06-03 00:01:12,350] {logging_mixin.py:109} INFO - [2022-06-03 00:01:12,350] {dag.py:2398} INFO - Sync 1 DAGs
[2022-06-03 00:01:12,367] {logging_mixin.py:109} INFO - [2022-06-03 00:01:12,367] {dag.py:2937} INFO - Setting next_dagrun for example_task_group_decorator to 2022-06-02T00:01:12.366915+00:00
[2022-06-03 00:01:12,380] {processor.py:171} INFO - Processing /home/airflow/.local/lib/python3.7/site-packages/airflow/example_dags/example_task_group_decorator.py took 0.247 seconds
[2022-06-03 00:01:43,230] {processor.py:163} INFO - Started process (PID=2256) to work on /home/airflow/.local/lib/python3.7/site-packages/airflow/example_dags/example_task_group_decorator.py
[2022-06-03 00:01:43,232] {processor.py:642} INFO - Processing file /home/airflow/.local/lib/python3.7/site-packages/airflow/example_dags/example_task_group_decorator.py for tasks to queue
[2022-06-03 00:01:43,233] {logging_mixin.py:109} INFO - [2022-06-03 00:01:43,233] {dagbag.py:500} INFO - Filling up the DagBag from /home/airflow/.local/lib/python3.7/site-packages/airflow/example_dags/example_task_group_decorator.py
[2022-06-03 00:01:43,279] {processor.py:654} INFO - DAG(s) dict_keys(['example_task_group_decorator']) retrieved from /home/airflow/.local/lib/python3.7/site-packages/airflow/example_dags/example_task_group_decorator.py
[2022-06-03 00:01:43,438] {logging_mixin.py:109} INFO - [2022-06-03 00:01:43,438] {dag.py:2398} INFO - Sync 1 DAGs
[2022-06-03 00:01:43,452] {logging_mixin.py:109} INFO - [2022-06-03 00:01:43,452] {dag.py:2937} INFO - Setting next_dagrun for example_task_group_decorator to 2022-06-02T00:01:43.452565+00:00
[2022-06-03 00:01:43,464] {processor.py:171} INFO - Processing /home/airflow/.local/lib/python3.7/site-packages/airflow/example_dags/example_task_group_decorator.py took 0.238 seconds
