[2022-06-03 00:00:30,570] {processor.py:163} INFO - Started process (PID=2113) to work on /home/airflow/.local/lib/python3.7/site-packages/airflow/example_dags/example_subdag_operator.py
[2022-06-03 00:00:30,572] {processor.py:642} INFO - Processing file /home/airflow/.local/lib/python3.7/site-packages/airflow/example_dags/example_subdag_operator.py for tasks to queue
[2022-06-03 00:00:30,573] {logging_mixin.py:109} INFO - [2022-06-03 00:00:30,573] {dagbag.py:500} INFO - Filling up the DagBag from /home/airflow/.local/lib/python3.7/site-packages/airflow/example_dags/example_subdag_operator.py
[2022-06-03 00:00:30,613] {processor.py:654} INFO - DAG(s) dict_keys(['example_subdag_operator.section-1', 'example_subdag_operator.section-2', 'example_subdag_operator']) retrieved from /home/airflow/.local/lib/python3.7/site-packages/airflow/example_dags/example_subdag_operator.py
[2022-06-03 00:00:30,806] {logging_mixin.py:109} INFO - [2022-06-03 00:00:30,806] {dag.py:2398} INFO - Sync 3 DAGs
[2022-06-03 00:00:30,818] {logging_mixin.py:109} INFO - [2022-06-03 00:00:30,818] {dag.py:2937} INFO - Setting next_dagrun for example_subdag_operator to 2022-06-01T00:00:00+00:00
[2022-06-03 00:00:30,820] {logging_mixin.py:109} INFO - [2022-06-03 00:00:30,820] {dag.py:2937} INFO - Setting next_dagrun for example_subdag_operator.section-1 to None
[2022-06-03 00:00:30,820] {logging_mixin.py:109} INFO - [2022-06-03 00:00:30,820] {dag.py:2937} INFO - Setting next_dagrun for example_subdag_operator.section-2 to None
[2022-06-03 00:00:30,828] {logging_mixin.py:109} INFO - [2022-06-03 00:00:30,828] {dag.py:2398} INFO - Sync 2 DAGs
[2022-06-03 00:00:30,834] {logging_mixin.py:109} INFO - [2022-06-03 00:00:30,834] {dag.py:2937} INFO - Setting next_dagrun for example_subdag_operator.section-1 to None
[2022-06-03 00:00:30,835] {logging_mixin.py:109} INFO - [2022-06-03 00:00:30,835] {dag.py:2937} INFO - Setting next_dagrun for example_subdag_operator.section-2 to None
[2022-06-03 00:00:30,842] {processor.py:171} INFO - Processing /home/airflow/.local/lib/python3.7/site-packages/airflow/example_dags/example_subdag_operator.py took 0.276 seconds
[2022-06-03 00:01:00,879] {processor.py:163} INFO - Started process (PID=2172) to work on /home/airflow/.local/lib/python3.7/site-packages/airflow/example_dags/example_subdag_operator.py
[2022-06-03 00:01:00,881] {processor.py:642} INFO - Processing file /home/airflow/.local/lib/python3.7/site-packages/airflow/example_dags/example_subdag_operator.py for tasks to queue
[2022-06-03 00:01:00,883] {logging_mixin.py:109} INFO - [2022-06-03 00:01:00,883] {dagbag.py:500} INFO - Filling up the DagBag from /home/airflow/.local/lib/python3.7/site-packages/airflow/example_dags/example_subdag_operator.py
[2022-06-03 00:01:00,924] {processor.py:654} INFO - DAG(s) dict_keys(['example_subdag_operator.section-1', 'example_subdag_operator.section-2', 'example_subdag_operator']) retrieved from /home/airflow/.local/lib/python3.7/site-packages/airflow/example_dags/example_subdag_operator.py
[2022-06-03 00:01:00,935] {logging_mixin.py:109} INFO - [2022-06-03 00:01:00,935] {dag.py:2398} INFO - Sync 3 DAGs
[2022-06-03 00:01:00,949] {logging_mixin.py:109} INFO - [2022-06-03 00:01:00,949] {dag.py:2937} INFO - Setting next_dagrun for example_subdag_operator to 2022-06-01T00:00:00+00:00
[2022-06-03 00:01:00,950] {logging_mixin.py:109} INFO - [2022-06-03 00:01:00,950] {dag.py:2937} INFO - Setting next_dagrun for example_subdag_operator.section-1 to None
[2022-06-03 00:01:00,951] {logging_mixin.py:109} INFO - [2022-06-03 00:01:00,951] {dag.py:2937} INFO - Setting next_dagrun for example_subdag_operator.section-2 to None
[2022-06-03 00:01:00,958] {logging_mixin.py:109} INFO - [2022-06-03 00:01:00,958] {dag.py:2398} INFO - Sync 2 DAGs
[2022-06-03 00:01:00,965] {logging_mixin.py:109} INFO - [2022-06-03 00:01:00,965] {dag.py:2937} INFO - Setting next_dagrun for example_subdag_operator.section-1 to None
[2022-06-03 00:01:00,966] {logging_mixin.py:109} INFO - [2022-06-03 00:01:00,966] {dag.py:2937} INFO - Setting next_dagrun for example_subdag_operator.section-2 to None
[2022-06-03 00:01:00,975] {processor.py:171} INFO - Processing /home/airflow/.local/lib/python3.7/site-packages/airflow/example_dags/example_subdag_operator.py took 0.100 seconds
[2022-06-03 00:01:31,939] {processor.py:163} INFO - Started process (PID=2233) to work on /home/airflow/.local/lib/python3.7/site-packages/airflow/example_dags/example_subdag_operator.py
[2022-06-03 00:01:31,941] {processor.py:642} INFO - Processing file /home/airflow/.local/lib/python3.7/site-packages/airflow/example_dags/example_subdag_operator.py for tasks to queue
[2022-06-03 00:01:31,942] {logging_mixin.py:109} INFO - [2022-06-03 00:01:31,942] {dagbag.py:500} INFO - Filling up the DagBag from /home/airflow/.local/lib/python3.7/site-packages/airflow/example_dags/example_subdag_operator.py
[2022-06-03 00:01:31,980] {processor.py:654} INFO - DAG(s) dict_keys(['example_subdag_operator.section-1', 'example_subdag_operator.section-2', 'example_subdag_operator']) retrieved from /home/airflow/.local/lib/python3.7/site-packages/airflow/example_dags/example_subdag_operator.py
[2022-06-03 00:01:31,991] {logging_mixin.py:109} INFO - [2022-06-03 00:01:31,991] {dag.py:2398} INFO - Sync 3 DAGs
[2022-06-03 00:01:32,004] {logging_mixin.py:109} INFO - [2022-06-03 00:01:32,004] {dag.py:2937} INFO - Setting next_dagrun for example_subdag_operator to 2022-06-01T00:00:00+00:00
[2022-06-03 00:01:32,005] {logging_mixin.py:109} INFO - [2022-06-03 00:01:32,005] {dag.py:2937} INFO - Setting next_dagrun for example_subdag_operator.section-1 to None
[2022-06-03 00:01:32,006] {logging_mixin.py:109} INFO - [2022-06-03 00:01:32,006] {dag.py:2937} INFO - Setting next_dagrun for example_subdag_operator.section-2 to None
[2022-06-03 00:01:32,013] {logging_mixin.py:109} INFO - [2022-06-03 00:01:32,013] {dag.py:2398} INFO - Sync 2 DAGs
[2022-06-03 00:01:32,021] {logging_mixin.py:109} INFO - [2022-06-03 00:01:32,020] {dag.py:2937} INFO - Setting next_dagrun for example_subdag_operator.section-1 to None
[2022-06-03 00:01:32,022] {logging_mixin.py:109} INFO - [2022-06-03 00:01:32,021] {dag.py:2937} INFO - Setting next_dagrun for example_subdag_operator.section-2 to None
[2022-06-03 00:01:32,029] {processor.py:171} INFO - Processing /home/airflow/.local/lib/python3.7/site-packages/airflow/example_dags/example_subdag_operator.py took 0.095 seconds
