[2022-06-03 00:00:11,284] {processor.py:163} INFO - Started process (PID=2098) to work on /home/airflow/.local/lib/python3.7/site-packages/airflow/example_dags/example_branch_python_dop_operator_3.py
[2022-06-03 00:00:11,285] {processor.py:642} INFO - Processing file /home/airflow/.local/lib/python3.7/site-packages/airflow/example_dags/example_branch_python_dop_operator_3.py for tasks to queue
[2022-06-03 00:00:11,287] {logging_mixin.py:109} INFO - [2022-06-03 00:00:11,286] {dagbag.py:500} INFO - Filling up the DagBag from /home/airflow/.local/lib/python3.7/site-packages/airflow/example_dags/example_branch_python_dop_operator_3.py
[2022-06-03 00:00:11,317] {processor.py:654} INFO - DAG(s) dict_keys(['example_branch_dop_operator_v3']) retrieved from /home/airflow/.local/lib/python3.7/site-packages/airflow/example_dags/example_branch_python_dop_operator_3.py
[2022-06-03 00:00:11,327] {logging_mixin.py:109} INFO - [2022-06-03 00:00:11,327] {dag.py:2398} INFO - Sync 1 DAGs
[2022-06-03 00:00:11,344] {logging_mixin.py:109} INFO - [2022-06-03 00:00:11,343] {dag.py:2937} INFO - Setting next_dagrun for example_branch_dop_operator_v3 to 2022-06-02T23:59:00+00:00
[2022-06-03 00:00:11,353] {processor.py:171} INFO - Processing /home/airflow/.local/lib/python3.7/site-packages/airflow/example_dags/example_branch_python_dop_operator_3.py took 0.073 seconds
[2022-06-03 00:00:41,575] {processor.py:163} INFO - Started process (PID=2149) to work on /home/airflow/.local/lib/python3.7/site-packages/airflow/example_dags/example_branch_python_dop_operator_3.py
[2022-06-03 00:00:41,577] {processor.py:642} INFO - Processing file /home/airflow/.local/lib/python3.7/site-packages/airflow/example_dags/example_branch_python_dop_operator_3.py for tasks to queue
[2022-06-03 00:00:41,578] {logging_mixin.py:109} INFO - [2022-06-03 00:00:41,578] {dagbag.py:500} INFO - Filling up the DagBag from /home/airflow/.local/lib/python3.7/site-packages/airflow/example_dags/example_branch_python_dop_operator_3.py
[2022-06-03 00:00:41,612] {processor.py:654} INFO - DAG(s) dict_keys(['example_branch_dop_operator_v3']) retrieved from /home/airflow/.local/lib/python3.7/site-packages/airflow/example_dags/example_branch_python_dop_operator_3.py
[2022-06-03 00:00:41,623] {logging_mixin.py:109} INFO - [2022-06-03 00:00:41,623] {dag.py:2398} INFO - Sync 1 DAGs
[2022-06-03 00:00:41,643] {logging_mixin.py:109} INFO - [2022-06-03 00:00:41,643] {dag.py:2937} INFO - Setting next_dagrun for example_branch_dop_operator_v3 to 2022-06-02T23:59:00+00:00
[2022-06-03 00:00:41,653] {processor.py:171} INFO - Processing /home/airflow/.local/lib/python3.7/site-packages/airflow/example_dags/example_branch_python_dop_operator_3.py took 0.081 seconds
[2022-06-03 00:01:12,657] {processor.py:163} INFO - Started process (PID=2208) to work on /home/airflow/.local/lib/python3.7/site-packages/airflow/example_dags/example_branch_python_dop_operator_3.py
[2022-06-03 00:01:12,658] {processor.py:642} INFO - Processing file /home/airflow/.local/lib/python3.7/site-packages/airflow/example_dags/example_branch_python_dop_operator_3.py for tasks to queue
[2022-06-03 00:01:12,659] {logging_mixin.py:109} INFO - [2022-06-03 00:01:12,659] {dagbag.py:500} INFO - Filling up the DagBag from /home/airflow/.local/lib/python3.7/site-packages/airflow/example_dags/example_branch_python_dop_operator_3.py
[2022-06-03 00:01:12,690] {processor.py:654} INFO - DAG(s) dict_keys(['example_branch_dop_operator_v3']) retrieved from /home/airflow/.local/lib/python3.7/site-packages/airflow/example_dags/example_branch_python_dop_operator_3.py
[2022-06-03 00:01:12,699] {logging_mixin.py:109} INFO - [2022-06-03 00:01:12,699] {dag.py:2398} INFO - Sync 1 DAGs
[2022-06-03 00:01:12,717] {logging_mixin.py:109} INFO - [2022-06-03 00:01:12,716] {dag.py:2937} INFO - Setting next_dagrun for example_branch_dop_operator_v3 to 2022-06-03T00:00:00+00:00
[2022-06-03 00:01:12,726] {processor.py:171} INFO - Processing /home/airflow/.local/lib/python3.7/site-packages/airflow/example_dags/example_branch_python_dop_operator_3.py took 0.072 seconds
[2022-06-03 00:01:43,576] {processor.py:163} INFO - Started process (PID=2270) to work on /home/airflow/.local/lib/python3.7/site-packages/airflow/example_dags/example_branch_python_dop_operator_3.py
[2022-06-03 00:01:43,578] {processor.py:642} INFO - Processing file /home/airflow/.local/lib/python3.7/site-packages/airflow/example_dags/example_branch_python_dop_operator_3.py for tasks to queue
[2022-06-03 00:01:43,579] {logging_mixin.py:109} INFO - [2022-06-03 00:01:43,579] {dagbag.py:500} INFO - Filling up the DagBag from /home/airflow/.local/lib/python3.7/site-packages/airflow/example_dags/example_branch_python_dop_operator_3.py
[2022-06-03 00:01:43,612] {processor.py:654} INFO - DAG(s) dict_keys(['example_branch_dop_operator_v3']) retrieved from /home/airflow/.local/lib/python3.7/site-packages/airflow/example_dags/example_branch_python_dop_operator_3.py
[2022-06-03 00:01:43,621] {logging_mixin.py:109} INFO - [2022-06-03 00:01:43,621] {dag.py:2398} INFO - Sync 1 DAGs
[2022-06-03 00:01:43,638] {logging_mixin.py:109} INFO - [2022-06-03 00:01:43,638] {dag.py:2937} INFO - Setting next_dagrun for example_branch_dop_operator_v3 to 2022-06-03T00:00:00+00:00
[2022-06-03 00:01:43,647] {processor.py:171} INFO - Processing /home/airflow/.local/lib/python3.7/site-packages/airflow/example_dags/example_branch_python_dop_operator_3.py took 0.075 seconds
