[2022-06-03 00:00:29,475] {processor.py:163} INFO - Started process (PID=2111) to work on /home/airflow/.local/lib/python3.7/site-packages/airflow/example_dags/example_time_delta_sensor_async.py
[2022-06-03 00:00:29,476] {processor.py:642} INFO - Processing file /home/airflow/.local/lib/python3.7/site-packages/airflow/example_dags/example_time_delta_sensor_async.py for tasks to queue
[2022-06-03 00:00:29,478] {logging_mixin.py:109} INFO - [2022-06-03 00:00:29,477] {dagbag.py:500} INFO - Filling up the DagBag from /home/airflow/.local/lib/python3.7/site-packages/airflow/example_dags/example_time_delta_sensor_async.py
[2022-06-03 00:00:29,507] {processor.py:654} INFO - DAG(s) dict_keys(['example_time_delta_sensor_async']) retrieved from /home/airflow/.local/lib/python3.7/site-packages/airflow/example_dags/example_time_delta_sensor_async.py
[2022-06-03 00:00:29,517] {logging_mixin.py:109} INFO - [2022-06-03 00:00:29,517] {dag.py:2398} INFO - Sync 1 DAGs
[2022-06-03 00:00:29,532] {logging_mixin.py:109} INFO - [2022-06-03 00:00:29,532] {dag.py:2937} INFO - Setting next_dagrun for example_time_delta_sensor_async to None
[2022-06-03 00:00:29,542] {processor.py:171} INFO - Processing /home/airflow/.local/lib/python3.7/site-packages/airflow/example_dags/example_time_delta_sensor_async.py took 0.071 seconds
[2022-06-03 00:00:59,787] {processor.py:163} INFO - Started process (PID=2170) to work on /home/airflow/.local/lib/python3.7/site-packages/airflow/example_dags/example_time_delta_sensor_async.py
[2022-06-03 00:00:59,789] {processor.py:642} INFO - Processing file /home/airflow/.local/lib/python3.7/site-packages/airflow/example_dags/example_time_delta_sensor_async.py for tasks to queue
[2022-06-03 00:00:59,790] {logging_mixin.py:109} INFO - [2022-06-03 00:00:59,790] {dagbag.py:500} INFO - Filling up the DagBag from /home/airflow/.local/lib/python3.7/site-packages/airflow/example_dags/example_time_delta_sensor_async.py
[2022-06-03 00:00:59,820] {processor.py:654} INFO - DAG(s) dict_keys(['example_time_delta_sensor_async']) retrieved from /home/airflow/.local/lib/python3.7/site-packages/airflow/example_dags/example_time_delta_sensor_async.py
[2022-06-03 00:00:59,830] {logging_mixin.py:109} INFO - [2022-06-03 00:00:59,829] {dag.py:2398} INFO - Sync 1 DAGs
[2022-06-03 00:00:59,843] {logging_mixin.py:109} INFO - [2022-06-03 00:00:59,843] {dag.py:2937} INFO - Setting next_dagrun for example_time_delta_sensor_async to None
[2022-06-03 00:00:59,852] {processor.py:171} INFO - Processing /home/airflow/.local/lib/python3.7/site-packages/airflow/example_dags/example_time_delta_sensor_async.py took 0.069 seconds
[2022-06-03 00:01:30,841] {processor.py:163} INFO - Started process (PID=2221) to work on /home/airflow/.local/lib/python3.7/site-packages/airflow/example_dags/example_time_delta_sensor_async.py
[2022-06-03 00:01:30,843] {processor.py:642} INFO - Processing file /home/airflow/.local/lib/python3.7/site-packages/airflow/example_dags/example_time_delta_sensor_async.py for tasks to queue
[2022-06-03 00:01:30,845] {logging_mixin.py:109} INFO - [2022-06-03 00:01:30,845] {dagbag.py:500} INFO - Filling up the DagBag from /home/airflow/.local/lib/python3.7/site-packages/airflow/example_dags/example_time_delta_sensor_async.py
[2022-06-03 00:01:30,875] {processor.py:654} INFO - DAG(s) dict_keys(['example_time_delta_sensor_async']) retrieved from /home/airflow/.local/lib/python3.7/site-packages/airflow/example_dags/example_time_delta_sensor_async.py
[2022-06-03 00:01:30,885] {logging_mixin.py:109} INFO - [2022-06-03 00:01:30,885] {dag.py:2398} INFO - Sync 1 DAGs
[2022-06-03 00:01:30,899] {logging_mixin.py:109} INFO - [2022-06-03 00:01:30,899] {dag.py:2937} INFO - Setting next_dagrun for example_time_delta_sensor_async to None
[2022-06-03 00:01:30,910] {processor.py:171} INFO - Processing /home/airflow/.local/lib/python3.7/site-packages/airflow/example_dags/example_time_delta_sensor_async.py took 0.074 seconds
