[2022-06-03 00:00:00,189] {processor.py:163} INFO - Started process (PID=2073) to work on /home/airflow/.local/lib/python3.7/site-packages/airflow/example_dags/example_branch_datetime_operator.py
[2022-06-03 00:00:00,191] {processor.py:642} INFO - Processing file /home/airflow/.local/lib/python3.7/site-packages/airflow/example_dags/example_branch_datetime_operator.py for tasks to queue
[2022-06-03 00:00:00,192] {logging_mixin.py:109} INFO - [2022-06-03 00:00:00,192] {dagbag.py:500} INFO - Filling up the DagBag from /home/airflow/.local/lib/python3.7/site-packages/airflow/example_dags/example_branch_datetime_operator.py
[2022-06-03 00:00:00,226] {processor.py:654} INFO - DAG(s) dict_keys(['example_branch_datetime_operator_2']) retrieved from /home/airflow/.local/lib/python3.7/site-packages/airflow/example_dags/example_branch_datetime_operator.py
[2022-06-03 00:00:00,237] {logging_mixin.py:109} INFO - [2022-06-03 00:00:00,237] {dag.py:2398} INFO - Sync 1 DAGs
[2022-06-03 00:00:00,256] {logging_mixin.py:109} INFO - [2022-06-03 00:00:00,255] {dag.py:2937} INFO - Setting next_dagrun for example_branch_datetime_operator_2 to 2022-06-02 00:00:00+00:00
[2022-06-03 00:00:00,265] {processor.py:171} INFO - Processing /home/airflow/.local/lib/python3.7/site-packages/airflow/example_dags/example_branch_datetime_operator.py took 0.080 seconds
[2022-06-03 00:00:31,222] {processor.py:163} INFO - Started process (PID=2124) to work on /home/airflow/.local/lib/python3.7/site-packages/airflow/example_dags/example_branch_datetime_operator.py
[2022-06-03 00:00:31,223] {processor.py:642} INFO - Processing file /home/airflow/.local/lib/python3.7/site-packages/airflow/example_dags/example_branch_datetime_operator.py for tasks to queue
[2022-06-03 00:00:31,224] {logging_mixin.py:109} INFO - [2022-06-03 00:00:31,224] {dagbag.py:500} INFO - Filling up the DagBag from /home/airflow/.local/lib/python3.7/site-packages/airflow/example_dags/example_branch_datetime_operator.py
[2022-06-03 00:00:31,255] {processor.py:654} INFO - DAG(s) dict_keys(['example_branch_datetime_operator_2']) retrieved from /home/airflow/.local/lib/python3.7/site-packages/airflow/example_dags/example_branch_datetime_operator.py
[2022-06-03 00:00:31,264] {logging_mixin.py:109} INFO - [2022-06-03 00:00:31,264] {dag.py:2398} INFO - Sync 1 DAGs
[2022-06-03 00:00:31,277] {logging_mixin.py:109} INFO - [2022-06-03 00:00:31,277] {dag.py:2937} INFO - Setting next_dagrun for example_branch_datetime_operator_2 to 2022-06-02 00:00:00+00:00
[2022-06-03 00:00:31,285] {processor.py:171} INFO - Processing /home/airflow/.local/lib/python3.7/site-packages/airflow/example_dags/example_branch_datetime_operator.py took 0.067 seconds
[2022-06-03 00:01:01,378] {processor.py:163} INFO - Started process (PID=2183) to work on /home/airflow/.local/lib/python3.7/site-packages/airflow/example_dags/example_branch_datetime_operator.py
[2022-06-03 00:01:01,380] {processor.py:642} INFO - Processing file /home/airflow/.local/lib/python3.7/site-packages/airflow/example_dags/example_branch_datetime_operator.py for tasks to queue
[2022-06-03 00:01:01,381] {logging_mixin.py:109} INFO - [2022-06-03 00:01:01,381] {dagbag.py:500} INFO - Filling up the DagBag from /home/airflow/.local/lib/python3.7/site-packages/airflow/example_dags/example_branch_datetime_operator.py
[2022-06-03 00:01:01,414] {processor.py:654} INFO - DAG(s) dict_keys(['example_branch_datetime_operator_2']) retrieved from /home/airflow/.local/lib/python3.7/site-packages/airflow/example_dags/example_branch_datetime_operator.py
[2022-06-03 00:01:01,425] {logging_mixin.py:109} INFO - [2022-06-03 00:01:01,425] {dag.py:2398} INFO - Sync 1 DAGs
[2022-06-03 00:01:01,441] {logging_mixin.py:109} INFO - [2022-06-03 00:01:01,441] {dag.py:2937} INFO - Setting next_dagrun for example_branch_datetime_operator_2 to 2022-06-02 00:00:00+00:00
[2022-06-03 00:01:01,450] {processor.py:171} INFO - Processing /home/airflow/.local/lib/python3.7/site-packages/airflow/example_dags/example_branch_datetime_operator.py took 0.076 seconds
[2022-06-03 00:01:32,425] {processor.py:163} INFO - Started process (PID=2244) to work on /home/airflow/.local/lib/python3.7/site-packages/airflow/example_dags/example_branch_datetime_operator.py
[2022-06-03 00:01:32,428] {processor.py:642} INFO - Processing file /home/airflow/.local/lib/python3.7/site-packages/airflow/example_dags/example_branch_datetime_operator.py for tasks to queue
[2022-06-03 00:01:32,429] {logging_mixin.py:109} INFO - [2022-06-03 00:01:32,429] {dagbag.py:500} INFO - Filling up the DagBag from /home/airflow/.local/lib/python3.7/site-packages/airflow/example_dags/example_branch_datetime_operator.py
[2022-06-03 00:01:32,461] {processor.py:654} INFO - DAG(s) dict_keys(['example_branch_datetime_operator_2']) retrieved from /home/airflow/.local/lib/python3.7/site-packages/airflow/example_dags/example_branch_datetime_operator.py
[2022-06-03 00:01:32,471] {logging_mixin.py:109} INFO - [2022-06-03 00:01:32,471] {dag.py:2398} INFO - Sync 1 DAGs
[2022-06-03 00:01:32,488] {logging_mixin.py:109} INFO - [2022-06-03 00:01:32,488] {dag.py:2937} INFO - Setting next_dagrun for example_branch_datetime_operator_2 to 2022-06-02 00:00:00+00:00
[2022-06-03 00:01:32,497] {processor.py:171} INFO - Processing /home/airflow/.local/lib/python3.7/site-packages/airflow/example_dags/example_branch_datetime_operator.py took 0.075 seconds
