[2022-06-03 00:00:08,799] {processor.py:163} INFO - Started process (PID=2090) to work on /home/airflow/.local/lib/python3.7/site-packages/airflow/example_dags/example_trigger_target_dag.py
[2022-06-03 00:00:08,801] {processor.py:642} INFO - Processing file /home/airflow/.local/lib/python3.7/site-packages/airflow/example_dags/example_trigger_target_dag.py for tasks to queue
[2022-06-03 00:00:08,802] {logging_mixin.py:109} INFO - [2022-06-03 00:00:08,802] {dagbag.py:500} INFO - Filling up the DagBag from /home/airflow/.local/lib/python3.7/site-packages/airflow/example_dags/example_trigger_target_dag.py
[2022-06-03 00:00:08,835] {processor.py:654} INFO - DAG(s) dict_keys(['example_trigger_target_dag']) retrieved from /home/airflow/.local/lib/python3.7/site-packages/airflow/example_dags/example_trigger_target_dag.py
[2022-06-03 00:00:08,844] {logging_mixin.py:109} INFO - [2022-06-03 00:00:08,843] {dag.py:2398} INFO - Sync 1 DAGs
[2022-06-03 00:00:08,857] {logging_mixin.py:109} INFO - [2022-06-03 00:00:08,857] {dag.py:2937} INFO - Setting next_dagrun for example_trigger_target_dag to None
[2022-06-03 00:00:08,867] {processor.py:171} INFO - Processing /home/airflow/.local/lib/python3.7/site-packages/airflow/example_dags/example_trigger_target_dag.py took 0.071 seconds
[2022-06-03 00:00:39,843] {processor.py:163} INFO - Started process (PID=2141) to work on /home/airflow/.local/lib/python3.7/site-packages/airflow/example_dags/example_trigger_target_dag.py
[2022-06-03 00:00:39,846] {processor.py:642} INFO - Processing file /home/airflow/.local/lib/python3.7/site-packages/airflow/example_dags/example_trigger_target_dag.py for tasks to queue
[2022-06-03 00:00:39,848] {logging_mixin.py:109} INFO - [2022-06-03 00:00:39,847] {dagbag.py:500} INFO - Filling up the DagBag from /home/airflow/.local/lib/python3.7/site-packages/airflow/example_dags/example_trigger_target_dag.py
[2022-06-03 00:00:39,884] {processor.py:654} INFO - DAG(s) dict_keys(['example_trigger_target_dag']) retrieved from /home/airflow/.local/lib/python3.7/site-packages/airflow/example_dags/example_trigger_target_dag.py
[2022-06-03 00:00:39,894] {logging_mixin.py:109} INFO - [2022-06-03 00:00:39,894] {dag.py:2398} INFO - Sync 1 DAGs
[2022-06-03 00:00:39,910] {logging_mixin.py:109} INFO - [2022-06-03 00:00:39,910] {dag.py:2937} INFO - Setting next_dagrun for example_trigger_target_dag to None
[2022-06-03 00:00:39,922] {processor.py:171} INFO - Processing /home/airflow/.local/lib/python3.7/site-packages/airflow/example_dags/example_trigger_target_dag.py took 0.083 seconds
[2022-06-03 00:01:10,936] {processor.py:163} INFO - Started process (PID=2200) to work on /home/airflow/.local/lib/python3.7/site-packages/airflow/example_dags/example_trigger_target_dag.py
[2022-06-03 00:01:10,938] {processor.py:642} INFO - Processing file /home/airflow/.local/lib/python3.7/site-packages/airflow/example_dags/example_trigger_target_dag.py for tasks to queue
[2022-06-03 00:01:10,939] {logging_mixin.py:109} INFO - [2022-06-03 00:01:10,939] {dagbag.py:500} INFO - Filling up the DagBag from /home/airflow/.local/lib/python3.7/site-packages/airflow/example_dags/example_trigger_target_dag.py
[2022-06-03 00:01:10,972] {processor.py:654} INFO - DAG(s) dict_keys(['example_trigger_target_dag']) retrieved from /home/airflow/.local/lib/python3.7/site-packages/airflow/example_dags/example_trigger_target_dag.py
[2022-06-03 00:01:10,981] {logging_mixin.py:109} INFO - [2022-06-03 00:01:10,981] {dag.py:2398} INFO - Sync 1 DAGs
[2022-06-03 00:01:10,997] {logging_mixin.py:109} INFO - [2022-06-03 00:01:10,997] {dag.py:2937} INFO - Setting next_dagrun for example_trigger_target_dag to None
[2022-06-03 00:01:11,007] {processor.py:171} INFO - Processing /home/airflow/.local/lib/python3.7/site-packages/airflow/example_dags/example_trigger_target_dag.py took 0.074 seconds
[2022-06-03 00:01:42,036] {processor.py:163} INFO - Started process (PID=2252) to work on /home/airflow/.local/lib/python3.7/site-packages/airflow/example_dags/example_trigger_target_dag.py
[2022-06-03 00:01:42,037] {processor.py:642} INFO - Processing file /home/airflow/.local/lib/python3.7/site-packages/airflow/example_dags/example_trigger_target_dag.py for tasks to queue
[2022-06-03 00:01:42,039] {logging_mixin.py:109} INFO - [2022-06-03 00:01:42,039] {dagbag.py:500} INFO - Filling up the DagBag from /home/airflow/.local/lib/python3.7/site-packages/airflow/example_dags/example_trigger_target_dag.py
[2022-06-03 00:01:42,071] {processor.py:654} INFO - DAG(s) dict_keys(['example_trigger_target_dag']) retrieved from /home/airflow/.local/lib/python3.7/site-packages/airflow/example_dags/example_trigger_target_dag.py
[2022-06-03 00:01:42,081] {logging_mixin.py:109} INFO - [2022-06-03 00:01:42,081] {dag.py:2398} INFO - Sync 1 DAGs
[2022-06-03 00:01:42,095] {logging_mixin.py:109} INFO - [2022-06-03 00:01:42,095] {dag.py:2937} INFO - Setting next_dagrun for example_trigger_target_dag to None
[2022-06-03 00:01:42,104] {processor.py:171} INFO - Processing /home/airflow/.local/lib/python3.7/site-packages/airflow/example_dags/example_trigger_target_dag.py took 0.072 seconds
