[2022-06-03 00:00:08,624] {processor.py:163} INFO - Started process (PID=2087) to work on /home/airflow/.local/lib/python3.7/site-packages/airflow/example_dags/tutorial_etl_dag.py
[2022-06-03 00:00:08,626] {processor.py:642} INFO - Processing file /home/airflow/.local/lib/python3.7/site-packages/airflow/example_dags/tutorial_etl_dag.py for tasks to queue
[2022-06-03 00:00:08,627] {logging_mixin.py:109} INFO - [2022-06-03 00:00:08,627] {dagbag.py:500} INFO - Filling up the DagBag from /home/airflow/.local/lib/python3.7/site-packages/airflow/example_dags/tutorial_etl_dag.py
[2022-06-03 00:00:08,654] {processor.py:654} INFO - DAG(s) dict_keys(['tutorial_etl_dag']) retrieved from /home/airflow/.local/lib/python3.7/site-packages/airflow/example_dags/tutorial_etl_dag.py
[2022-06-03 00:00:08,663] {logging_mixin.py:109} INFO - [2022-06-03 00:00:08,663] {dag.py:2398} INFO - Sync 1 DAGs
[2022-06-03 00:00:08,675] {logging_mixin.py:109} INFO - [2022-06-03 00:00:08,675] {dag.py:2937} INFO - Setting next_dagrun for tutorial_etl_dag to None
[2022-06-03 00:00:08,686] {processor.py:171} INFO - Processing /home/airflow/.local/lib/python3.7/site-packages/airflow/example_dags/tutorial_etl_dag.py took 0.065 seconds
[2022-06-03 00:00:39,625] {processor.py:163} INFO - Started process (PID=2138) to work on /home/airflow/.local/lib/python3.7/site-packages/airflow/example_dags/tutorial_etl_dag.py
[2022-06-03 00:00:39,627] {processor.py:642} INFO - Processing file /home/airflow/.local/lib/python3.7/site-packages/airflow/example_dags/tutorial_etl_dag.py for tasks to queue
[2022-06-03 00:00:39,629] {logging_mixin.py:109} INFO - [2022-06-03 00:00:39,628] {dagbag.py:500} INFO - Filling up the DagBag from /home/airflow/.local/lib/python3.7/site-packages/airflow/example_dags/tutorial_etl_dag.py
[2022-06-03 00:00:39,660] {processor.py:654} INFO - DAG(s) dict_keys(['tutorial_etl_dag']) retrieved from /home/airflow/.local/lib/python3.7/site-packages/airflow/example_dags/tutorial_etl_dag.py
[2022-06-03 00:00:39,671] {logging_mixin.py:109} INFO - [2022-06-03 00:00:39,671] {dag.py:2398} INFO - Sync 1 DAGs
[2022-06-03 00:00:39,687] {logging_mixin.py:109} INFO - [2022-06-03 00:00:39,687] {dag.py:2937} INFO - Setting next_dagrun for tutorial_etl_dag to None
[2022-06-03 00:00:39,697] {processor.py:171} INFO - Processing /home/airflow/.local/lib/python3.7/site-packages/airflow/example_dags/tutorial_etl_dag.py took 0.076 seconds
[2022-06-03 00:01:10,830] {processor.py:163} INFO - Started process (PID=2197) to work on /home/airflow/.local/lib/python3.7/site-packages/airflow/example_dags/tutorial_etl_dag.py
[2022-06-03 00:01:10,831] {processor.py:642} INFO - Processing file /home/airflow/.local/lib/python3.7/site-packages/airflow/example_dags/tutorial_etl_dag.py for tasks to queue
[2022-06-03 00:01:10,833] {logging_mixin.py:109} INFO - [2022-06-03 00:01:10,832] {dagbag.py:500} INFO - Filling up the DagBag from /home/airflow/.local/lib/python3.7/site-packages/airflow/example_dags/tutorial_etl_dag.py
[2022-06-03 00:01:10,865] {processor.py:654} INFO - DAG(s) dict_keys(['tutorial_etl_dag']) retrieved from /home/airflow/.local/lib/python3.7/site-packages/airflow/example_dags/tutorial_etl_dag.py
[2022-06-03 00:01:10,874] {logging_mixin.py:109} INFO - [2022-06-03 00:01:10,874] {dag.py:2398} INFO - Sync 1 DAGs
[2022-06-03 00:01:10,888] {logging_mixin.py:109} INFO - [2022-06-03 00:01:10,888] {dag.py:2937} INFO - Setting next_dagrun for tutorial_etl_dag to None
[2022-06-03 00:01:10,897] {processor.py:171} INFO - Processing /home/airflow/.local/lib/python3.7/site-packages/airflow/example_dags/tutorial_etl_dag.py took 0.071 seconds
[2022-06-03 00:01:41,854] {processor.py:163} INFO - Started process (PID=2249) to work on /home/airflow/.local/lib/python3.7/site-packages/airflow/example_dags/tutorial_etl_dag.py
[2022-06-03 00:01:41,858] {processor.py:642} INFO - Processing file /home/airflow/.local/lib/python3.7/site-packages/airflow/example_dags/tutorial_etl_dag.py for tasks to queue
[2022-06-03 00:01:41,859] {logging_mixin.py:109} INFO - [2022-06-03 00:01:41,859] {dagbag.py:500} INFO - Filling up the DagBag from /home/airflow/.local/lib/python3.7/site-packages/airflow/example_dags/tutorial_etl_dag.py
[2022-06-03 00:01:41,894] {processor.py:654} INFO - DAG(s) dict_keys(['tutorial_etl_dag']) retrieved from /home/airflow/.local/lib/python3.7/site-packages/airflow/example_dags/tutorial_etl_dag.py
[2022-06-03 00:01:41,904] {logging_mixin.py:109} INFO - [2022-06-03 00:01:41,904] {dag.py:2398} INFO - Sync 1 DAGs
[2022-06-03 00:01:41,917] {logging_mixin.py:109} INFO - [2022-06-03 00:01:41,917] {dag.py:2937} INFO - Setting next_dagrun for tutorial_etl_dag to None
[2022-06-03 00:01:41,927] {processor.py:171} INFO - Processing /home/airflow/.local/lib/python3.7/site-packages/airflow/example_dags/tutorial_etl_dag.py took 0.076 seconds
